This is pdfTeX, Version 3.14159265-2.6-1.40.16 (TeX Live 2015/Debian) (preloaded format=pdflatex 2017.6.23)  23 JUN 2017 10:47
entering extended mode
 restricted \write18 enabled.
 %&-line parsing enabled.
**BC.tex
(./BC.tex
LaTeX2e <2016/02/01>
Babel <3.9q> and hyphenation patterns for 81 language(s) loaded.
(/usr/share/texlive/texmf-dist/tex/latex/base/article.cls
Document Class: article 2014/09/29 v1.4h Standard LaTeX document class
(/usr/share/texlive/texmf-dist/tex/latex/base/size10.clo
File: size10.clo 2014/09/29 v1.4h Standard LaTeX file (size option)
)
\c@part=\count79
\c@section=\count80
\c@subsection=\count81
\c@subsubsection=\count82
\c@paragraph=\count83
\c@subparagraph=\count84
\c@figure=\count85
\c@table=\count86
\abovecaptionskip=\skip41
\belowcaptionskip=\skip42
\bibindent=\dimen102
)
(/usr/share/texlive/texmf-dist/tex/latex/vntex/vntex.sty
Package: vntex 2009/07/12 v1.1 support for Vietnamese

(/usr/share/texlive/texmf-dist/tex/latex/base/ifthen.sty
Package: ifthen 2014/09/29 v1.1c Standard LaTeX ifthen package (DPC)
)
(/usr/share/texlive/texmf-dist/tex/latex/base/fontenc.sty
Package: fontenc 2005/09/27 v1.99g Standard LaTeX package

(/usr/share/texlive/texmf-dist/tex/latex/vntex/t5enc.def
File: t5enc.def 2006/11/21 v1.4 Vietnamese T5 encoding
)
LaTeX Font Info:    Try loading font information for T5+cmr on input line 105.

(/usr/share/texlive/texmf-dist/tex/latex/vntex/t5cmr.fd
File: t5cmr.fd 1999/05/25 v2.5h Standard LaTeX font definitions
))

Package vntex Warning: No input encoding specified, using UTF-8 as default on i
nput line 88.

(/usr/share/texlive/texmf-dist/tex/latex/base/inputenc.sty
Package: inputenc 2015/03/17 v1.2c Input encoding file
\inpenc@prehook=\toks14
\inpenc@posthook=\toks15

(/usr/share/texlive/texmf-dist/tex/latex/base/utf8.def
File: utf8.def 2015/12/03 v1.1r UTF-8 support for inputenc
Now handling font encoding OML ...
... no UTF-8 mapping file for font encoding OML
Now handling font encoding T1 ...
... processing UTF-8 mapping file for font encoding T1

(/usr/share/texlive/texmf-dist/tex/latex/base/t1enc.dfu
File: t1enc.dfu 2015/12/03 v1.1r UTF-8 support for inputenc
   defining Unicode char U+00A0 (decimal 160)
   defining Unicode char U+00A1 (decimal 161)
   defining Unicode char U+00A3 (decimal 163)
   defining Unicode char U+00AB (decimal 171)
   defining Unicode char U+00AD (decimal 173)
   defining Unicode char U+00BB (decimal 187)
   defining Unicode char U+00BF (decimal 191)
   defining Unicode char U+00C0 (decimal 192)
   defining Unicode char U+00C1 (decimal 193)
   defining Unicode char U+00C2 (decimal 194)
   defining Unicode char U+00C3 (decimal 195)
   defining Unicode char U+00C4 (decimal 196)
   defining Unicode char U+00C5 (decimal 197)
   defining Unicode char U+00C6 (decimal 198)
   defining Unicode char U+00C7 (decimal 199)
   defining Unicode char U+00C8 (decimal 200)
   defining Unicode char U+00C9 (decimal 201)
   defining Unicode char U+00CA (decimal 202)
   defining Unicode char U+00CB (decimal 203)
   defining Unicode char U+00CC (decimal 204)
   defining Unicode char U+00CD (decimal 205)
   defining Unicode char U+00CE (decimal 206)
   defining Unicode char U+00CF (decimal 207)
   defining Unicode char U+00D0 (decimal 208)
   defining Unicode char U+00D1 (decimal 209)
   defining Unicode char U+00D2 (decimal 210)
   defining Unicode char U+00D3 (decimal 211)
   defining Unicode char U+00D4 (decimal 212)
   defining Unicode char U+00D5 (decimal 213)
   defining Unicode char U+00D6 (decimal 214)
   defining Unicode char U+00D8 (decimal 216)
   defining Unicode char U+00D9 (decimal 217)
   defining Unicode char U+00DA (decimal 218)
   defining Unicode char U+00DB (decimal 219)
   defining Unicode char U+00DC (decimal 220)
   defining Unicode char U+00DD (decimal 221)
   defining Unicode char U+00DE (decimal 222)
   defining Unicode char U+00DF (decimal 223)
   defining Unicode char U+00E0 (decimal 224)
   defining Unicode char U+00E1 (decimal 225)
   defining Unicode char U+00E2 (decimal 226)
   defining Unicode char U+00E3 (decimal 227)
   defining Unicode char U+00E4 (decimal 228)
   defining Unicode char U+00E5 (decimal 229)
   defining Unicode char U+00E6 (decimal 230)
   defining Unicode char U+00E7 (decimal 231)
   defining Unicode char U+00E8 (decimal 232)
   defining Unicode char U+00E9 (decimal 233)
   defining Unicode char U+00EA (decimal 234)
   defining Unicode char U+00EB (decimal 235)
   defining Unicode char U+00EC (decimal 236)
   defining Unicode char U+00ED (decimal 237)
   defining Unicode char U+00EE (decimal 238)
   defining Unicode char U+00EF (decimal 239)
   defining Unicode char U+00F0 (decimal 240)
   defining Unicode char U+00F1 (decimal 241)
   defining Unicode char U+00F2 (decimal 242)
   defining Unicode char U+00F3 (decimal 243)
   defining Unicode char U+00F4 (decimal 244)
   defining Unicode char U+00F5 (decimal 245)
   defining Unicode char U+00F6 (decimal 246)
   defining Unicode char U+00F8 (decimal 248)
   defining Unicode char U+00F9 (decimal 249)
   defining Unicode char U+00FA (decimal 250)
   defining Unicode char U+00FB (decimal 251)
   defining Unicode char U+00FC (decimal 252)
   defining Unicode char U+00FD (decimal 253)
   defining Unicode char U+00FE (decimal 254)
   defining Unicode char U+00FF (decimal 255)
   defining Unicode char U+0100 (decimal 256)
   defining Unicode char U+0101 (decimal 257)
   defining Unicode char U+0102 (decimal 258)
   defining Unicode char U+0103 (decimal 259)
   defining Unicode char U+0104 (decimal 260)
   defining Unicode char U+0105 (decimal 261)
   defining Unicode char U+0106 (decimal 262)
   defining Unicode char U+0107 (decimal 263)
   defining Unicode char U+0108 (decimal 264)
   defining Unicode char U+0109 (decimal 265)
   defining Unicode char U+010A (decimal 266)
   defining Unicode char U+010B (decimal 267)
   defining Unicode char U+010C (decimal 268)
   defining Unicode char U+010D (decimal 269)
   defining Unicode char U+010E (decimal 270)
   defining Unicode char U+010F (decimal 271)
   defining Unicode char U+0110 (decimal 272)
   defining Unicode char U+0111 (decimal 273)
   defining Unicode char U+0112 (decimal 274)
   defining Unicode char U+0113 (decimal 275)
   defining Unicode char U+0114 (decimal 276)
   defining Unicode char U+0115 (decimal 277)
   defining Unicode char U+0116 (decimal 278)
   defining Unicode char U+0117 (decimal 279)
   defining Unicode char U+0118 (decimal 280)
   defining Unicode char U+0119 (decimal 281)
   defining Unicode char U+011A (decimal 282)
   defining Unicode char U+011B (decimal 283)
   defining Unicode char U+011C (decimal 284)
   defining Unicode char U+011D (decimal 285)
   defining Unicode char U+011E (decimal 286)
   defining Unicode char U+011F (decimal 287)
   defining Unicode char U+0120 (decimal 288)
   defining Unicode char U+0121 (decimal 289)
   defining Unicode char U+0122 (decimal 290)
   defining Unicode char U+0123 (decimal 291)
   defining Unicode char U+0124 (decimal 292)
   defining Unicode char U+0125 (decimal 293)
   defining Unicode char U+0128 (decimal 296)
   defining Unicode char U+0129 (decimal 297)
   defining Unicode char U+012A (decimal 298)
   defining Unicode char U+012B (decimal 299)
   defining Unicode char U+012C (decimal 300)
   defining Unicode char U+012D (decimal 301)
   defining Unicode char U+012E (decimal 302)
   defining Unicode char U+012F (decimal 303)
   defining Unicode char U+0130 (decimal 304)
   defining Unicode char U+0131 (decimal 305)
   defining Unicode char U+0132 (decimal 306)
   defining Unicode char U+0133 (decimal 307)
   defining Unicode char U+0134 (decimal 308)
   defining Unicode char U+0135 (decimal 309)
   defining Unicode char U+0136 (decimal 310)
   defining Unicode char U+0137 (decimal 311)
   defining Unicode char U+0139 (decimal 313)
   defining Unicode char U+013A (decimal 314)
   defining Unicode char U+013B (decimal 315)
   defining Unicode char U+013C (decimal 316)
   defining Unicode char U+013D (decimal 317)
   defining Unicode char U+013E (decimal 318)
   defining Unicode char U+0141 (decimal 321)
   defining Unicode char U+0142 (decimal 322)
   defining Unicode char U+0143 (decimal 323)
   defining Unicode char U+0144 (decimal 324)
   defining Unicode char U+0145 (decimal 325)
   defining Unicode char U+0146 (decimal 326)
   defining Unicode char U+0147 (decimal 327)
   defining Unicode char U+0148 (decimal 328)
   defining Unicode char U+014A (decimal 330)
   defining Unicode char U+014B (decimal 331)
   defining Unicode char U+014C (decimal 332)
   defining Unicode char U+014D (decimal 333)
   defining Unicode char U+014E (decimal 334)
   defining Unicode char U+014F (decimal 335)
   defining Unicode char U+0150 (decimal 336)
   defining Unicode char U+0151 (decimal 337)
   defining Unicode char U+0152 (decimal 338)
   defining Unicode char U+0153 (decimal 339)
   defining Unicode char U+0154 (decimal 340)
   defining Unicode char U+0155 (decimal 341)
   defining Unicode char U+0156 (decimal 342)
   defining Unicode char U+0157 (decimal 343)
   defining Unicode char U+0158 (decimal 344)
   defining Unicode char U+0159 (decimal 345)
   defining Unicode char U+015A (decimal 346)
   defining Unicode char U+015B (decimal 347)
   defining Unicode char U+015C (decimal 348)
   defining Unicode char U+015D (decimal 349)
   defining Unicode char U+015E (decimal 350)
   defining Unicode char U+015F (decimal 351)
   defining Unicode char U+0160 (decimal 352)
   defining Unicode char U+0161 (decimal 353)
   defining Unicode char U+0162 (decimal 354)
   defining Unicode char U+0163 (decimal 355)
   defining Unicode char U+0164 (decimal 356)
   defining Unicode char U+0165 (decimal 357)
   defining Unicode char U+0168 (decimal 360)
   defining Unicode char U+0169 (decimal 361)
   defining Unicode char U+016A (decimal 362)
   defining Unicode char U+016B (decimal 363)
   defining Unicode char U+016C (decimal 364)
   defining Unicode char U+016D (decimal 365)
   defining Unicode char U+016E (decimal 366)
   defining Unicode char U+016F (decimal 367)
   defining Unicode char U+0170 (decimal 368)
   defining Unicode char U+0171 (decimal 369)
   defining Unicode char U+0172 (decimal 370)
   defining Unicode char U+0173 (decimal 371)
   defining Unicode char U+0174 (decimal 372)
   defining Unicode char U+0175 (decimal 373)
   defining Unicode char U+0176 (decimal 374)
   defining Unicode char U+0177 (decimal 375)
   defining Unicode char U+0178 (decimal 376)
   defining Unicode char U+0179 (decimal 377)
   defining Unicode char U+017A (decimal 378)
   defining Unicode char U+017B (decimal 379)
   defining Unicode char U+017C (decimal 380)
   defining Unicode char U+017D (decimal 381)
   defining Unicode char U+017E (decimal 382)
   defining Unicode char U+01CD (decimal 461)
   defining Unicode char U+01CE (decimal 462)
   defining Unicode char U+01CF (decimal 463)
   defining Unicode char U+01D0 (decimal 464)
   defining Unicode char U+01D1 (decimal 465)
   defining Unicode char U+01D2 (decimal 466)
   defining Unicode char U+01D3 (decimal 467)
   defining Unicode char U+01D4 (decimal 468)
   defining Unicode char U+01E2 (decimal 482)
   defining Unicode char U+01E3 (decimal 483)
   defining Unicode char U+01E6 (decimal 486)
   defining Unicode char U+01E7 (decimal 487)
   defining Unicode char U+01E8 (decimal 488)
   defining Unicode char U+01E9 (decimal 489)
   defining Unicode char U+01EA (decimal 490)
   defining Unicode char U+01EB (decimal 491)
   defining Unicode char U+01F0 (decimal 496)
   defining Unicode char U+01F4 (decimal 500)
   defining Unicode char U+01F5 (decimal 501)
   defining Unicode char U+0218 (decimal 536)
   defining Unicode char U+0219 (decimal 537)
   defining Unicode char U+021A (decimal 538)
   defining Unicode char U+021B (decimal 539)
   defining Unicode char U+01E02 (decimal 7682)
   defining Unicode char U+01E03 (decimal 7683)
   defining Unicode char U+200C (decimal 8204)
   defining Unicode char U+2013 (decimal 8211)
   defining Unicode char U+2014 (decimal 8212)
   defining Unicode char U+2018 (decimal 8216)
   defining Unicode char U+2019 (decimal 8217)
   defining Unicode char U+201A (decimal 8218)
   defining Unicode char U+201C (decimal 8220)
   defining Unicode char U+201D (decimal 8221)
   defining Unicode char U+201E (decimal 8222)
   defining Unicode char U+2030 (decimal 8240)
   defining Unicode char U+2031 (decimal 8241)
   defining Unicode char U+2039 (decimal 8249)
   defining Unicode char U+203A (decimal 8250)
   defining Unicode char U+2423 (decimal 9251)
)
Now handling font encoding OT1 ...
... processing UTF-8 mapping file for font encoding OT1

(/usr/share/texlive/texmf-dist/tex/latex/base/ot1enc.dfu
File: ot1enc.dfu 2015/12/03 v1.1r UTF-8 support for inputenc
   defining Unicode char U+00A0 (decimal 160)
   defining Unicode char U+00A1 (decimal 161)
   defining Unicode char U+00A3 (decimal 163)
   defining Unicode char U+00AD (decimal 173)
   defining Unicode char U+00B8 (decimal 184)
   defining Unicode char U+00BF (decimal 191)
   defining Unicode char U+00C5 (decimal 197)
   defining Unicode char U+00C6 (decimal 198)
   defining Unicode char U+00D8 (decimal 216)
   defining Unicode char U+00DF (decimal 223)
   defining Unicode char U+00E6 (decimal 230)
   defining Unicode char U+00EC (decimal 236)
   defining Unicode char U+00ED (decimal 237)
   defining Unicode char U+00EE (decimal 238)
   defining Unicode char U+00EF (decimal 239)
   defining Unicode char U+00F8 (decimal 248)
   defining Unicode char U+0131 (decimal 305)
   defining Unicode char U+0141 (decimal 321)
   defining Unicode char U+0142 (decimal 322)
   defining Unicode char U+0152 (decimal 338)
   defining Unicode char U+0153 (decimal 339)
   defining Unicode char U+0174 (decimal 372)
   defining Unicode char U+0175 (decimal 373)
   defining Unicode char U+0176 (decimal 374)
   defining Unicode char U+0177 (decimal 375)
   defining Unicode char U+0218 (decimal 536)
   defining Unicode char U+0219 (decimal 537)
   defining Unicode char U+021A (decimal 538)
   defining Unicode char U+021B (decimal 539)
   defining Unicode char U+2013 (decimal 8211)
   defining Unicode char U+2014 (decimal 8212)
   defining Unicode char U+2018 (decimal 8216)
   defining Unicode char U+2019 (decimal 8217)
   defining Unicode char U+201C (decimal 8220)
   defining Unicode char U+201D (decimal 8221)
)
Now handling font encoding OMS ...
... processing UTF-8 mapping file for font encoding OMS

(/usr/share/texlive/texmf-dist/tex/latex/base/omsenc.dfu
File: omsenc.dfu 2015/12/03 v1.1r UTF-8 support for inputenc
   defining Unicode char U+00A7 (decimal 167)
   defining Unicode char U+00B6 (decimal 182)
   defining Unicode char U+00B7 (decimal 183)
   defining Unicode char U+2020 (decimal 8224)
   defining Unicode char U+2021 (decimal 8225)
   defining Unicode char U+2022 (decimal 8226)
)
Now handling font encoding OMX ...
... no UTF-8 mapping file for font encoding OMX
Now handling font encoding U ...
... no UTF-8 mapping file for font encoding U
Now handling font encoding T5 ...
... processing UTF-8 mapping file for font encoding T5

(/usr/share/texlive/texmf-dist/tex/latex/vntex/t5enc.dfu
File: t5enc.dfu 2006/08/19 v1.1 UTF8 support for Vietnamese
   defining Unicode char U+00AB (decimal 171)
   defining Unicode char U+00BB (decimal 187)
   defining Unicode char U+00C0 (decimal 192)
   defining Unicode char U+00C1 (decimal 193)
   defining Unicode char U+00C2 (decimal 194)
   defining Unicode char U+00C3 (decimal 195)
   defining Unicode char U+00C8 (decimal 200)
   defining Unicode char U+00C9 (decimal 201)
   defining Unicode char U+00CA (decimal 202)
   defining Unicode char U+00CC (decimal 204)
   defining Unicode char U+00CD (decimal 205)
   defining Unicode char U+00D2 (decimal 210)
   defining Unicode char U+00D3 (decimal 211)
   defining Unicode char U+00D4 (decimal 212)
   defining Unicode char U+00D5 (decimal 213)
   defining Unicode char U+00D9 (decimal 217)
   defining Unicode char U+00DA (decimal 218)
   defining Unicode char U+00DD (decimal 221)
   defining Unicode char U+00E0 (decimal 224)
   defining Unicode char U+00E1 (decimal 225)
   defining Unicode char U+00E2 (decimal 226)
   defining Unicode char U+00E3 (decimal 227)
   defining Unicode char U+00E8 (decimal 232)
   defining Unicode char U+00E9 (decimal 233)
   defining Unicode char U+00EA (decimal 234)
   defining Unicode char U+00EC (decimal 236)
   defining Unicode char U+00ED (decimal 237)
   defining Unicode char U+00F2 (decimal 242)
   defining Unicode char U+00F3 (decimal 243)
   defining Unicode char U+00F4 (decimal 244)
   defining Unicode char U+00F5 (decimal 245)
   defining Unicode char U+00F9 (decimal 249)
   defining Unicode char U+00FA (decimal 250)
   defining Unicode char U+00FD (decimal 253)
   defining Unicode char U+0102 (decimal 258)
   defining Unicode char U+0103 (decimal 259)
   defining Unicode char U+0110 (decimal 272)
   defining Unicode char U+0111 (decimal 273)
   defining Unicode char U+0128 (decimal 296)
   defining Unicode char U+0129 (decimal 297)
   defining Unicode char U+0131 (decimal 305)
   defining Unicode char U+0168 (decimal 360)
   defining Unicode char U+0169 (decimal 361)
   defining Unicode char U+01A0 (decimal 416)
   defining Unicode char U+01A1 (decimal 417)
   defining Unicode char U+01AF (decimal 431)
   defining Unicode char U+01B0 (decimal 432)
   defining Unicode char U+1EA0 (decimal 7840)
   defining Unicode char U+1EA1 (decimal 7841)
   defining Unicode char U+1EA2 (decimal 7842)
   defining Unicode char U+1EA3 (decimal 7843)
   defining Unicode char U+1EA4 (decimal 7844)
   defining Unicode char U+1EA5 (decimal 7845)
   defining Unicode char U+1EA6 (decimal 7846)
   defining Unicode char U+1EA7 (decimal 7847)
   defining Unicode char U+1EA8 (decimal 7848)
   defining Unicode char U+1EA9 (decimal 7849)
   defining Unicode char U+1EAA (decimal 7850)
   defining Unicode char U+1EAB (decimal 7851)
   defining Unicode char U+1EAC (decimal 7852)
   defining Unicode char U+1EAD (decimal 7853)
   defining Unicode char U+1EAE (decimal 7854)
   defining Unicode char U+1EAF (decimal 7855)
   defining Unicode char U+1EB0 (decimal 7856)
   defining Unicode char U+1EB1 (decimal 7857)
   defining Unicode char U+1EB2 (decimal 7858)
   defining Unicode char U+1EB3 (decimal 7859)
   defining Unicode char U+1EB4 (decimal 7860)
   defining Unicode char U+1EB5 (decimal 7861)
   defining Unicode char U+1EB6 (decimal 7862)
   defining Unicode char U+1EB7 (decimal 7863)
   defining Unicode char U+1EB8 (decimal 7864)
   defining Unicode char U+1EB9 (decimal 7865)
   defining Unicode char U+1EBA (decimal 7866)
   defining Unicode char U+1EBB (decimal 7867)
   defining Unicode char U+1EBC (decimal 7868)
   defining Unicode char U+1EBD (decimal 7869)
   defining Unicode char U+1EBE (decimal 7870)
   defining Unicode char U+1EBF (decimal 7871)
   defining Unicode char U+1EC0 (decimal 7872)
   defining Unicode char U+1EC1 (decimal 7873)
   defining Unicode char U+1EC2 (decimal 7874)
   defining Unicode char U+1EC3 (decimal 7875)
   defining Unicode char U+1EC4 (decimal 7876)
   defining Unicode char U+1EC5 (decimal 7877)
   defining Unicode char U+1EC6 (decimal 7878)
   defining Unicode char U+1EC7 (decimal 7879)
   defining Unicode char U+1EC8 (decimal 7880)
   defining Unicode char U+1EC9 (decimal 7881)
   defining Unicode char U+1ECA (decimal 7882)
   defining Unicode char U+1ECB (decimal 7883)
   defining Unicode char U+1ECC (decimal 7884)
   defining Unicode char U+1ECD (decimal 7885)
   defining Unicode char U+1ECE (decimal 7886)
   defining Unicode char U+1ECF (decimal 7887)
   defining Unicode char U+1ED0 (decimal 7888)
   defining Unicode char U+1ED1 (decimal 7889)
   defining Unicode char U+1ED2 (decimal 7890)
   defining Unicode char U+1ED3 (decimal 7891)
   defining Unicode char U+1ED4 (decimal 7892)
   defining Unicode char U+1ED5 (decimal 7893)
   defining Unicode char U+1ED6 (decimal 7894)
   defining Unicode char U+1ED7 (decimal 7895)
   defining Unicode char U+1ED8 (decimal 7896)
   defining Unicode char U+1ED9 (decimal 7897)
   defining Unicode char U+1EDA (decimal 7898)
   defining Unicode char U+1EDB (decimal 7899)
   defining Unicode char U+1EDC (decimal 7900)
   defining Unicode char U+1EDD (decimal 7901)
   defining Unicode char U+1EDE (decimal 7902)
   defining Unicode char U+1EDF (decimal 7903)
   defining Unicode char U+1EE0 (decimal 7904)
   defining Unicode char U+1EE1 (decimal 7905)
   defining Unicode char U+1EE2 (decimal 7906)
   defining Unicode char U+1EE3 (decimal 7907)
   defining Unicode char U+1EE4 (decimal 7908)
   defining Unicode char U+1EE5 (decimal 7909)
   defining Unicode char U+1EE6 (decimal 7910)
   defining Unicode char U+1EE7 (decimal 7911)
   defining Unicode char U+1EE8 (decimal 7912)
   defining Unicode char U+1EE9 (decimal 7913)
   defining Unicode char U+1EEA (decimal 7914)
   defining Unicode char U+1EEB (decimal 7915)
   defining Unicode char U+1EEC (decimal 7916)
   defining Unicode char U+1EED (decimal 7917)
   defining Unicode char U+1EEE (decimal 7918)
   defining Unicode char U+1EEF (decimal 7919)
   defining Unicode char U+1EF0 (decimal 7920)
   defining Unicode char U+1EF1 (decimal 7921)
   defining Unicode char U+1EF2 (decimal 7922)
   defining Unicode char U+1EF3 (decimal 7923)
   defining Unicode char U+1EF4 (decimal 7924)
   defining Unicode char U+1EF5 (decimal 7925)
   defining Unicode char U+1EF6 (decimal 7926)
   defining Unicode char U+1EF7 (decimal 7927)
   defining Unicode char U+1EF8 (decimal 7928)
   defining Unicode char U+1EF9 (decimal 7929)
   defining Unicode char U+200C (decimal 8204)
   defining Unicode char U+2013 (decimal 8211)
   defining Unicode char U+2014 (decimal 8212)
   defining Unicode char U+2018 (decimal 8216)
   defining Unicode char U+2019 (decimal 8217)
   defining Unicode char U+201A (decimal 8218)
   defining Unicode char U+201C (decimal 8220)
   defining Unicode char U+201D (decimal 8221)
   defining Unicode char U+201E (decimal 8222)
   defining Unicode char U+2030 (decimal 8240)
   defining Unicode char U+2031 (decimal 8241)
   defining Unicode char U+2039 (decimal 8249)
   defining Unicode char U+203A (decimal 8250)
   defining Unicode char U+2423 (decimal 9251)
)
   defining Unicode char U+00A9 (decimal 169)
   defining Unicode char U+00AA (decimal 170)
   defining Unicode char U+00AE (decimal 174)
   defining Unicode char U+00BA (decimal 186)
   defining Unicode char U+02C6 (decimal 710)
   defining Unicode char U+02DC (decimal 732)
   defining Unicode char U+200C (decimal 8204)
   defining Unicode char U+2026 (decimal 8230)
   defining Unicode char U+2122 (decimal 8482)
   defining Unicode char U+2423 (decimal 9251)
))
(/usr/share/texlive/texmf-dist/tex/latex/vntex/vncaps.tex
File: vncaps.tex 2006/06/07 v1.1 Captions in Vietnamese
))
(/usr/share/texlive/texmf-dist/tex/latex/a4wide/a4wide.sty
Package: a4wide 1994/08/30

(/usr/share/texlive/texmf-dist/tex/latex/ntgclass/a4.sty
Package: a4 2004/04/15 v1.2g A4 based page layout
))
(/usr/share/texlive/texmf-dist/tex/latex/amsfonts/amssymb.sty
Package: amssymb 2013/01/14 v3.01 AMS font symbols

(/usr/share/texlive/texmf-dist/tex/latex/amsfonts/amsfonts.sty
Package: amsfonts 2013/01/14 v3.01 Basic AMSFonts support
\@emptytoks=\toks16
\symAMSa=\mathgroup4
\symAMSb=\mathgroup5
LaTeX Font Info:    Overwriting math alphabet `\mathfrak' in version `bold'
(Font)                  U/euf/m/n --> U/euf/b/n on input line 106.
))
(/usr/share/texlive/texmf-dist/tex/latex/graphics/epsfig.sty
Package: epsfig 1999/02/16 v1.7a (e)psfig emulation (SPQR)

(/usr/share/texlive/texmf-dist/tex/latex/graphics/graphicx.sty
Package: graphicx 2014/10/28 v1.0g Enhanced LaTeX Graphics (DPC,SPQR)

(/usr/share/texlive/texmf-dist/tex/latex/graphics/keyval.sty
Package: keyval 2014/10/28 v1.15 key=value parser (DPC)
\KV@toks@=\toks17
)
(/usr/share/texlive/texmf-dist/tex/latex/graphics/graphics.sty
Package: graphics 2016/01/03 v1.0q Standard LaTeX Graphics (DPC,SPQR)

(/usr/share/texlive/texmf-dist/tex/latex/graphics/trig.sty
Package: trig 2016/01/03 v1.10 sin cos tan (DPC)
)
(/usr/share/texlive/texmf-dist/tex/latex/latexconfig/graphics.cfg
File: graphics.cfg 2010/04/23 v1.9 graphics configuration of TeX Live
)
Package graphics Info: Driver file: pdftex.def on input line 95.

(/usr/share/texlive/texmf-dist/tex/latex/pdftex-def/pdftex.def
File: pdftex.def 2011/05/27 v0.06d Graphics/color for pdfTeX

(/usr/share/texlive/texmf-dist/tex/generic/oberdiek/infwarerr.sty
Package: infwarerr 2010/04/08 v1.3 Providing info/warning/error messages (HO)
)
(/usr/share/texlive/texmf-dist/tex/generic/oberdiek/ltxcmds.sty
Package: ltxcmds 2011/11/09 v1.22 LaTeX kernel commands for general use (HO)
)
\Gread@gobject=\count87
))
\Gin@req@height=\dimen103
\Gin@req@width=\dimen104
)
\epsfxsize=\dimen105
\epsfysize=\dimen106
)
(/usr/share/texlive/texmf-dist/tex/latex/base/latexsym.sty
Package: latexsym 1998/08/17 v2.2e Standard LaTeX package (lasy symbols)
\symlasy=\mathgroup6
LaTeX Font Info:    Overwriting symbol font `lasy' in version `bold'
(Font)                  U/lasy/m/n --> U/lasy/b/n on input line 52.
)
(/usr/share/texlive/texmf-dist/tex/latex/tools/multicol.sty
Package: multicol 2015/08/19 v1.8n multicolumn formatting (FMi)
\c@tracingmulticols=\count88
\mult@box=\box26
\multicol@leftmargin=\dimen107
\c@unbalance=\count89
\c@collectmore=\count90
\doublecol@number=\count91
\multicoltolerance=\count92
\multicolpretolerance=\count93
\full@width=\dimen108
\page@free=\dimen109
\premulticols=\dimen110
\postmulticols=\dimen111
\multicolsep=\skip43
\multicolbaselineskip=\skip44
\partial@page=\box27
\last@line=\box28
\maxbalancingoverflow=\dimen112
\mult@rightbox=\box29
\mult@grightbox=\box30
\mult@gfirstbox=\box31
\mult@firstbox=\box32
\@tempa=\box33
\@tempa=\box34
\@tempa=\box35
\@tempa=\box36
\@tempa=\box37
\@tempa=\box38
\@tempa=\box39
\@tempa=\box40
\@tempa=\box41
\@tempa=\box42
\@tempa=\box43
\@tempa=\box44
\@tempa=\box45
\@tempa=\box46
\@tempa=\box47
\@tempa=\box48
\@tempa=\box49
\c@columnbadness=\count94
\c@finalcolumnbadness=\count95
\last@try=\dimen113
\multicolovershoot=\dimen114
\multicolundershoot=\dimen115
\mult@nat@firstbox=\box50
\colbreak@box=\box51
\mc@col@check@num=\count96
)
(/usr/share/texlive/texmf-dist/tex/latex/tools/array.sty
Package: array 2014/10/28 v2.4c Tabular extension package (FMi)
\col@sep=\dimen116
\extrarowheight=\dimen117
\NC@list=\toks18
\extratabsurround=\skip45
\backup@length=\skip46
)
(/usr/share/texlive/texmf-dist/tex/latex/tools/hhline.sty
Package: hhline 2014/10/28 v2.03 Table rule package (DPC)
)
(/usr/share/texlive/texmf-dist/tex/latex/fancyhdr/fancyhdr.sty
\fancy@headwidth=\skip47
\f@ncyO@elh=\skip48
\f@ncyO@erh=\skip49
\f@ncyO@olh=\skip50
\f@ncyO@orh=\skip51
\f@ncyO@elf=\skip52
\f@ncyO@erf=\skip53
\f@ncyO@olf=\skip54
\f@ncyO@orf=\skip55
)
(/usr/share/texlive/texmf-dist/tex/latex/fancybox/fancybox.sty
Package: fancybox 2010/05/15 1.4

Style option: `fancybox' v1.4 <2010/05/15> (tvz)
\@fancybox=\box52
\shadowsize=\dimen118
\@Sbox=\box53
\do@VerbBox=\toks19
\the@fancyput=\toks20
\this@fancyput=\toks21
\EndVerbatimTokens=\toks22
\Verbatim@Outfile=\write3
\Verbatim@Infile=\read1
) (/usr/share/texlive/texmf-dist/tex/latex/amsmath/amsmath.sty
Package: amsmath 2016/03/03 v2.15a AMS math features
\@mathmargin=\skip56

For additional information on amsmath, use the `?' option.
(/usr/share/texlive/texmf-dist/tex/latex/amsmath/amstext.sty
Package: amstext 2000/06/29 v2.01 AMS text

(/usr/share/texlive/texmf-dist/tex/latex/amsmath/amsgen.sty
File: amsgen.sty 1999/11/30 v2.0 generic functions
\@emptytoks=\toks23
\ex@=\dimen119
))
(/usr/share/texlive/texmf-dist/tex/latex/amsmath/amsbsy.sty
Package: amsbsy 1999/11/29 v1.2d Bold Symbols
\pmbraise@=\dimen120
)
(/usr/share/texlive/texmf-dist/tex/latex/amsmath/amsopn.sty
Package: amsopn 1999/12/14 v2.01 operator names
)
\inf@bad=\count97
LaTeX Info: Redefining \frac on input line 199.
\uproot@=\count98
\leftroot@=\count99
LaTeX Info: Redefining \overline on input line 297.
\classnum@=\count100
\DOTSCASE@=\count101
LaTeX Info: Redefining \ldots on input line 394.
LaTeX Info: Redefining \dots on input line 397.
LaTeX Info: Redefining \cdots on input line 518.
\Mathstrutbox@=\box54
\strutbox@=\box55
\big@size=\dimen121
LaTeX Font Info:    Redeclaring font encoding OML on input line 630.
LaTeX Font Info:    Redeclaring font encoding OMS on input line 631.
\macc@depth=\count102
\c@MaxMatrixCols=\count103
\dotsspace@=\muskip10
\c@parentequation=\count104
\dspbrk@lvl=\count105
\tag@help=\toks24
\row@=\count106
\column@=\count107
\maxfields@=\count108
\andhelp@=\toks25
\eqnshift@=\dimen122
\alignsep@=\dimen123
\tagshift@=\dimen124
\tagwidth@=\dimen125
\totwidth@=\dimen126
\lineht@=\dimen127
\@envbody=\toks26
\multlinegap=\skip57
\multlinetaggap=\skip58
\mathdisplay@stack=\toks27
LaTeX Info: Redefining \[ on input line 2735.
LaTeX Info: Redefining \] on input line 2736.
)
(/usr/share/texlive/texmf-dist/tex/latex/lastpage/lastpage.sty
Package: lastpage 2015/03/29 v1.2m Refers to last page's name (HMM; JPG)
)
(/usr/share/texlive/texmf-dist/tex/latex/algorithm2e/algorithm2e.sty
Package: algorithm2e 2013/01/06 v5.00 algorithms environments
\c@AlgoLine=\count109
\algocf@hangindent=\skip59

(/usr/share/texlive/texmf-dist/tex/latex/tools/xspace.sty
Package: xspace 2014/10/28 v1.13 Space after command names (DPC,MH)
)
(/usr/share/texlive/texmf-dist/tex/latex/relsize/relsize.sty
Package: relsize 2013/03/29 ver 4.1
)
********************************************************
Package `algorithm2e' Release 5.1 -- october 19 2015 --
- algorithm2e-announce@lirmm.fr mailing list for announcement about releases
- algorithm2e-discussion@lirmm.fr mailing list for discussion about package
subscribe by emailing sympa@lirmm.fr with 'subscribe <list> <firstname name>'
- Author: Christophe Fiorio (christophe.fiorio@umontpellier.fr)
********************************************************
\skiptotal=\skip60
\skiplinenumber=\skip61
\skiprule=\skip62
\skiphlne=\skip63
\skiptext=\skip64
\skiplength=\skip65
\algomargin=\skip66
\skipalgocfslide=\skip67
\algowidth=\dimen128
\inoutsize=\dimen129
\inoutindent=\dimen130
\interspacetitleruled=\dimen131
\interspacealgoruled=\dimen132
\interspacetitleboxruled=\dimen133
\algocf@ruledwidth=\skip68
\algocf@inoutbox=\box56
\algocf@inputbox=\box57
\AlCapSkip=\skip69
\AlCapHSkip=\skip70
\algoskipindent=\skip71
\algocf@nlbox=\box58
\algocf@hangingbox=\box59
\algocf@untilbox=\box60
\algocf@skipuntil=\skip72
\algocf@capbox=\box61
\algoheightruledefault=\skip73
\algoheightrule=\skip74
\algotitleheightruledefault=\skip75
\algotitleheightrule=\skip76
\c@algocfline=\count110
\c@algocfproc=\count111
\c@algocf=\count112
\algocf@algoframe=\box62
\algocf@algobox=\box63
) (/usr/share/texlive/texmf-dist/tex/latex/tools/enumerate.sty
Package: enumerate 2015/07/23 v3.00 enumerate extensions (DPC)
\@enLab=\toks28
)
(/usr/share/texlive/texmf-dist/tex/latex/graphics/color.sty
Package: color 2016/01/03 v1.1b Standard LaTeX Color (DPC)

(/usr/share/texlive/texmf-dist/tex/latex/latexconfig/color.cfg
File: color.cfg 2007/01/18 v1.5 color configuration of teTeX/TeXLive
)
Package color Info: Driver file: pdftex.def on input line 143.
)
(/usr/share/texlive/texmf-dist/tex/latex/tools/tabularx.sty
Package: tabularx 2014/10/28 v2.10 `tabularx' package (DPC)
\TX@col@width=\dimen134
\TX@old@table=\dimen135
\TX@old@col=\dimen136
\TX@target=\dimen137
\TX@delta=\dimen138
\TX@cols=\count113
\TX@ftn=\toks29
)
(/usr/share/texlive/texmf-dist/tex/latex/caption/caption.sty
Package: caption 2016/02/21 v3.3-144 Customizing captions (AR)

(/usr/share/texlive/texmf-dist/tex/latex/caption/caption3.sty
Package: caption3 2016/02/04 v1.7-139 caption3 kernel (AR)
Package caption3 Info: TeX engine: e-TeX on input line 67.
\captionmargin=\dimen139
\captionmargin@=\dimen140
\captionwidth=\dimen141
\caption@tempdima=\dimen142
\caption@indent=\dimen143
\caption@parindent=\dimen144
\caption@hangindent=\dimen145
)
\c@ContinuedFloat=\count114
)
(/usr/share/texlive/texmf-dist/tex/latex/multirow/multirow.sty
\bigstrutjot=\dimen146
)
(/usr/share/texlive/texmf-dist/tex/latex/listings/listings.sty
\lst@mode=\count115
\lst@gtempboxa=\box64
\lst@token=\toks30
\lst@length=\count116
\lst@currlwidth=\dimen147
\lst@column=\count117
\lst@pos=\count118
\lst@lostspace=\dimen148
\lst@width=\dimen149
\lst@newlines=\count119
\lst@lineno=\count120
\lst@maxwidth=\dimen150

(/usr/share/texlive/texmf-dist/tex/latex/listings/lstmisc.sty
File: lstmisc.sty 2015/06/04 1.6 (Carsten Heinz)
\c@lstnumber=\count121
\lst@skipnumbers=\count122
\lst@framebox=\box65
)
(/usr/share/texlive/texmf-dist/tex/latex/listings/listings.cfg
File: listings.cfg 2015/06/04 1.6 listings configuration
))
Package: listings 2015/06/04 1.6 (Carsten Heinz)

(/usr/share/texlive/texmf-dist/tex/latex/xcolor/xcolor.sty
Package: xcolor 2007/01/21 v2.11 LaTeX color extensions (UK)

(/usr/share/texlive/texmf-dist/tex/latex/latexconfig/color.cfg
File: color.cfg 2007/01/18 v1.5 color configuration of teTeX/TeXLive
)
Package xcolor Info: Driver file: pdftex.def on input line 225.
LaTeX Info: Redefining \color on input line 702.
Package xcolor Info: Model `cmy' substituted by `cmy0' on input line 1337.
Package xcolor Info: Model `hsb' substituted by `rgb' on input line 1341.
Package xcolor Info: Model `RGB' extended on input line 1353.
Package xcolor Info: Model `HTML' substituted by `rgb' on input line 1355.
Package xcolor Info: Model `Hsb' substituted by `hsb' on input line 1356.
Package xcolor Info: Model `tHsb' substituted by `hsb' on input line 1357.
Package xcolor Info: Model `HSB' substituted by `hsb' on input line 1358.
Package xcolor Info: Model `Gray' substituted by `gray' on input line 1359.
Package xcolor Info: Model `wave' substituted by `hsb' on input line 1360.
)
(/usr/share/texlive/texmf-dist/tex/latex/listings/lstlang1.sty
File: lstlang1.sty 2015/06/04 1.6 listings language file
)
(/usr/share/texlive/texmf-dist/tex/latex/listings/lstlang1.sty
File: lstlang1.sty 2015/06/04 1.6 listings language file
)
(/usr/share/texlive/texmf-dist/tex/latex/listings/lstmisc.sty
File: lstmisc.sty 2015/06/04 1.6 (Carsten Heinz)
)
(/usr/share/texlive/texmf-dist/tex/latex/arydshln/arydshln.sty
Package: arydshln 2004/08/31 v1.71 
\dashlinedash=\dimen151
\dashlinegap=\dimen152
\adl@box=\box66
\adl@height=\dimen153
\adl@heightsave=\dimen154
\adl@depth=\dimen155
\adl@depthsave=\dimen156
\adl@finaldepth=\dimen157
\adl@columns=\count123
\adl@ncol=\count124
\adl@currentcolumn=\count125
\adl@currentcolumnsave=\count126
\adl@totalheight=\count127
\adl@totalheightsave=\count128
\adl@dash=\count129
\adl@gap=\count130
\adl@cla=\count131
\adl@clb=\count132
\adl@everyvbox=\toks31
\adl@LTpagetotal=\dimen158
)
(/usr/share/texlive/texmf-dist/tex/latex/rotating/rotating.sty
Package: rotating 2009/03/28 v2.16a rotated objects in LaTeX
\c@r@tfl@t=\count133
\rotFPtop=\skip77
\rotFPbot=\skip78
\rot@float@box=\box67
\rot@mess@toks=\toks32
)
(/usr/share/texlive/texmf-dist/tex/latex/geometry/geometry.sty
Package: geometry 2010/09/12 v5.6 Page Geometry

(/usr/share/texlive/texmf-dist/tex/generic/oberdiek/ifpdf.sty
Package: ifpdf 2011/01/30 v2.3 Provides the ifpdf switch (HO)
Package ifpdf Info: pdfTeX in PDF mode is detected.
)
(/usr/share/texlive/texmf-dist/tex/generic/oberdiek/ifvtex.sty
Package: ifvtex 2010/03/01 v1.5 Detect VTeX and its facilities (HO)
Package ifvtex Info: VTeX not detected.
)
(/usr/share/texlive/texmf-dist/tex/generic/ifxetex/ifxetex.sty
Package: ifxetex 2010/09/12 v0.6 Provides ifxetex conditional
)
\Gm@cnth=\count134
\Gm@cntv=\count135
\c@Gm@tempcnt=\count136
\Gm@bindingoffset=\dimen159
\Gm@wd@mp=\dimen160
\Gm@odd@mp=\dimen161
\Gm@even@mp=\dimen162
\Gm@layoutwidth=\dimen163
\Gm@layoutheight=\dimen164
\Gm@layouthoffset=\dimen165
\Gm@layoutvoffset=\dimen166
\Gm@dimlist=\toks33
)
(/usr/share/texlive/texmf-dist/tex/latex/setspace/setspace.sty
Package: setspace 2011/12/19 v6.7a set line spacing
)
(/usr/share/texlive/texmf-dist/tex/latex/tools/indentfirst.sty
Package: indentfirst 1995/11/23 v1.03 Indent first paragraph (DPC)
)
(/usr/share/texlive/texmf-dist/tex/latex/pgf/frontendlayer/tikz.sty
(/usr/share/texlive/texmf-dist/tex/latex/pgf/basiclayer/pgf.sty
(/usr/share/texlive/texmf-dist/tex/latex/pgf/utilities/pgfrcs.sty
(/usr/share/texlive/texmf-dist/tex/generic/pgf/utilities/pgfutil-common.tex
\pgfutil@everybye=\toks34
\pgfutil@tempdima=\dimen167
\pgfutil@tempdimb=\dimen168

(/usr/share/texlive/texmf-dist/tex/generic/pgf/utilities/pgfutil-common-lists.t
ex)) (/usr/share/texlive/texmf-dist/tex/generic/pgf/utilities/pgfutil-latex.def
\pgfutil@abb=\box68
(/usr/share/texlive/texmf-dist/tex/latex/ms/everyshi.sty
Package: everyshi 2001/05/15 v3.00 EveryShipout Package (MS)
))
(/usr/share/texlive/texmf-dist/tex/generic/pgf/utilities/pgfrcs.code.tex
Package: pgfrcs 2015/08/07 v3.0.1a (rcs-revision 1.31)
))
Package: pgf 2015/08/07 v3.0.1a (rcs-revision 1.15)

(/usr/share/texlive/texmf-dist/tex/latex/pgf/basiclayer/pgfcore.sty
(/usr/share/texlive/texmf-dist/tex/latex/pgf/systemlayer/pgfsys.sty
(/usr/share/texlive/texmf-dist/tex/generic/pgf/systemlayer/pgfsys.code.tex
Package: pgfsys 2014/07/09 v3.0.1a (rcs-revision 1.48)

(/usr/share/texlive/texmf-dist/tex/generic/pgf/utilities/pgfkeys.code.tex
\pgfkeys@pathtoks=\toks35
\pgfkeys@temptoks=\toks36

(/usr/share/texlive/texmf-dist/tex/generic/pgf/utilities/pgfkeysfiltered.code.t
ex
\pgfkeys@tmptoks=\toks37
))
\pgf@x=\dimen169
\pgf@y=\dimen170
\pgf@xa=\dimen171
\pgf@ya=\dimen172
\pgf@xb=\dimen173
\pgf@yb=\dimen174
\pgf@xc=\dimen175
\pgf@yc=\dimen176
\w@pgf@writea=\write4
\r@pgf@reada=\read2
\c@pgf@counta=\count137
\c@pgf@countb=\count138
\c@pgf@countc=\count139
\c@pgf@countd=\count140
\t@pgf@toka=\toks38
\t@pgf@tokb=\toks39
\t@pgf@tokc=\toks40
 (/usr/share/texlive/texmf-dist/tex/generic/pgf/systemlayer/pgf.cfg
File: pgf.cfg 2008/05/14  (rcs-revision 1.7)
)
Driver file for pgf: pgfsys-pdftex.def

(/usr/share/texlive/texmf-dist/tex/generic/pgf/systemlayer/pgfsys-pdftex.def
File: pgfsys-pdftex.def 2014/10/11  (rcs-revision 1.35)

(/usr/share/texlive/texmf-dist/tex/generic/pgf/systemlayer/pgfsys-common-pdf.de
f
File: pgfsys-common-pdf.def 2013/10/10  (rcs-revision 1.13)
)))
(/usr/share/texlive/texmf-dist/tex/generic/pgf/systemlayer/pgfsyssoftpath.code.
tex
File: pgfsyssoftpath.code.tex 2013/09/09  (rcs-revision 1.9)
\pgfsyssoftpath@smallbuffer@items=\count141
\pgfsyssoftpath@bigbuffer@items=\count142
)
(/usr/share/texlive/texmf-dist/tex/generic/pgf/systemlayer/pgfsysprotocol.code.
tex
File: pgfsysprotocol.code.tex 2006/10/16  (rcs-revision 1.4)
))
(/usr/share/texlive/texmf-dist/tex/generic/pgf/basiclayer/pgfcore.code.tex
Package: pgfcore 2010/04/11 v3.0.1a (rcs-revision 1.7)

(/usr/share/texlive/texmf-dist/tex/generic/pgf/math/pgfmath.code.tex
(/usr/share/texlive/texmf-dist/tex/generic/pgf/math/pgfmathcalc.code.tex
(/usr/share/texlive/texmf-dist/tex/generic/pgf/math/pgfmathutil.code.tex)
(/usr/share/texlive/texmf-dist/tex/generic/pgf/math/pgfmathparser.code.tex
\pgfmath@dimen=\dimen177
\pgfmath@count=\count143
\pgfmath@box=\box69
\pgfmath@toks=\toks41
\pgfmath@stack@operand=\toks42
\pgfmath@stack@operation=\toks43
)
(/usr/share/texlive/texmf-dist/tex/generic/pgf/math/pgfmathfunctions.code.tex
(/usr/share/texlive/texmf-dist/tex/generic/pgf/math/pgfmathfunctions.basic.code
.tex)
(/usr/share/texlive/texmf-dist/tex/generic/pgf/math/pgfmathfunctions.trigonomet
ric.code.tex)
(/usr/share/texlive/texmf-dist/tex/generic/pgf/math/pgfmathfunctions.random.cod
e.tex)
(/usr/share/texlive/texmf-dist/tex/generic/pgf/math/pgfmathfunctions.comparison
.code.tex)
(/usr/share/texlive/texmf-dist/tex/generic/pgf/math/pgfmathfunctions.base.code.
tex)
(/usr/share/texlive/texmf-dist/tex/generic/pgf/math/pgfmathfunctions.round.code
.tex)
(/usr/share/texlive/texmf-dist/tex/generic/pgf/math/pgfmathfunctions.misc.code.
tex)
(/usr/share/texlive/texmf-dist/tex/generic/pgf/math/pgfmathfunctions.integerari
thmetics.code.tex)))
(/usr/share/texlive/texmf-dist/tex/generic/pgf/math/pgfmathfloat.code.tex
\c@pgfmathroundto@lastzeros=\count144
))
(/usr/share/texlive/texmf-dist/tex/generic/pgf/basiclayer/pgfcorepoints.code.te
x
File: pgfcorepoints.code.tex 2013/10/07  (rcs-revision 1.27)
\pgf@picminx=\dimen178
\pgf@picmaxx=\dimen179
\pgf@picminy=\dimen180
\pgf@picmaxy=\dimen181
\pgf@pathminx=\dimen182
\pgf@pathmaxx=\dimen183
\pgf@pathminy=\dimen184
\pgf@pathmaxy=\dimen185
\pgf@xx=\dimen186
\pgf@xy=\dimen187
\pgf@yx=\dimen188
\pgf@yy=\dimen189
\pgf@zx=\dimen190
\pgf@zy=\dimen191
)
(/usr/share/texlive/texmf-dist/tex/generic/pgf/basiclayer/pgfcorepathconstruct.
code.tex
File: pgfcorepathconstruct.code.tex 2013/10/07  (rcs-revision 1.29)
\pgf@path@lastx=\dimen192
\pgf@path@lasty=\dimen193
)
(/usr/share/texlive/texmf-dist/tex/generic/pgf/basiclayer/pgfcorepathusage.code
.tex
File: pgfcorepathusage.code.tex 2014/11/02  (rcs-revision 1.24)
\pgf@shorten@end@additional=\dimen194
\pgf@shorten@start@additional=\dimen195
)
(/usr/share/texlive/texmf-dist/tex/generic/pgf/basiclayer/pgfcorescopes.code.te
x
File: pgfcorescopes.code.tex 2015/05/08  (rcs-revision 1.46)
\pgfpic=\box70
\pgf@hbox=\box71
\pgf@layerbox@main=\box72
\pgf@picture@serial@count=\count145
)
(/usr/share/texlive/texmf-dist/tex/generic/pgf/basiclayer/pgfcoregraphicstate.c
ode.tex
File: pgfcoregraphicstate.code.tex 2014/11/02  (rcs-revision 1.12)
\pgflinewidth=\dimen196
)
(/usr/share/texlive/texmf-dist/tex/generic/pgf/basiclayer/pgfcoretransformation
s.code.tex
File: pgfcoretransformations.code.tex 2015/08/07  (rcs-revision 1.20)
\pgf@pt@x=\dimen197
\pgf@pt@y=\dimen198
\pgf@pt@temp=\dimen199
)
(/usr/share/texlive/texmf-dist/tex/generic/pgf/basiclayer/pgfcorequick.code.tex
File: pgfcorequick.code.tex 2008/10/09  (rcs-revision 1.3)
)
(/usr/share/texlive/texmf-dist/tex/generic/pgf/basiclayer/pgfcoreobjects.code.t
ex
File: pgfcoreobjects.code.tex 2006/10/11  (rcs-revision 1.2)
)
(/usr/share/texlive/texmf-dist/tex/generic/pgf/basiclayer/pgfcorepathprocessing
.code.tex
File: pgfcorepathprocessing.code.tex 2013/09/09  (rcs-revision 1.9)
)
(/usr/share/texlive/texmf-dist/tex/generic/pgf/basiclayer/pgfcorearrows.code.te
x
File: pgfcorearrows.code.tex 2015/05/14  (rcs-revision 1.43)
\pgfarrowsep=\dimen256
)
(/usr/share/texlive/texmf-dist/tex/generic/pgf/basiclayer/pgfcoreshade.code.tex
File: pgfcoreshade.code.tex 2013/07/15  (rcs-revision 1.15)
\pgf@max=\dimen257
\pgf@sys@shading@range@num=\count146
)
(/usr/share/texlive/texmf-dist/tex/generic/pgf/basiclayer/pgfcoreimage.code.tex
File: pgfcoreimage.code.tex 2013/07/15  (rcs-revision 1.18)

(/usr/share/texlive/texmf-dist/tex/generic/pgf/basiclayer/pgfcoreexternal.code.
tex
File: pgfcoreexternal.code.tex 2014/07/09  (rcs-revision 1.21)
\pgfexternal@startupbox=\box73
))
(/usr/share/texlive/texmf-dist/tex/generic/pgf/basiclayer/pgfcorelayers.code.te
x
File: pgfcorelayers.code.tex 2013/07/18  (rcs-revision 1.7)
)
(/usr/share/texlive/texmf-dist/tex/generic/pgf/basiclayer/pgfcoretransparency.c
ode.tex
File: pgfcoretransparency.code.tex 2013/09/30  (rcs-revision 1.5)
)
(/usr/share/texlive/texmf-dist/tex/generic/pgf/basiclayer/pgfcorepatterns.code.
tex
File: pgfcorepatterns.code.tex 2013/11/07  (rcs-revision 1.5)
)))
(/usr/share/texlive/texmf-dist/tex/generic/pgf/modules/pgfmoduleshapes.code.tex
File: pgfmoduleshapes.code.tex 2014/03/21  (rcs-revision 1.35)
\pgfnodeparttextbox=\box74
) (/usr/share/texlive/texmf-dist/tex/generic/pgf/modules/pgfmoduleplot.code.tex
File: pgfmoduleplot.code.tex 2015/08/03  (rcs-revision 1.13)
)
(/usr/share/texlive/texmf-dist/tex/latex/pgf/compatibility/pgfcomp-version-0-65
.sty
Package: pgfcomp-version-0-65 2007/07/03 v3.0.1a (rcs-revision 1.7)
\pgf@nodesepstart=\dimen258
\pgf@nodesepend=\dimen259
)
(/usr/share/texlive/texmf-dist/tex/latex/pgf/compatibility/pgfcomp-version-1-18
.sty
Package: pgfcomp-version-1-18 2007/07/23 v3.0.1a (rcs-revision 1.1)
)) (/usr/share/texlive/texmf-dist/tex/latex/pgf/utilities/pgffor.sty
(/usr/share/texlive/texmf-dist/tex/latex/pgf/utilities/pgfkeys.sty
(/usr/share/texlive/texmf-dist/tex/generic/pgf/utilities/pgfkeys.code.tex))
(/usr/share/texlive/texmf-dist/tex/latex/pgf/math/pgfmath.sty
(/usr/share/texlive/texmf-dist/tex/generic/pgf/math/pgfmath.code.tex))
(/usr/share/texlive/texmf-dist/tex/generic/pgf/utilities/pgffor.code.tex
Package: pgffor 2013/12/13 v3.0.1a (rcs-revision 1.25)

(/usr/share/texlive/texmf-dist/tex/generic/pgf/math/pgfmath.code.tex)
\pgffor@iter=\dimen260
\pgffor@skip=\dimen261
\pgffor@stack=\toks44
\pgffor@toks=\toks45
))
(/usr/share/texlive/texmf-dist/tex/generic/pgf/frontendlayer/tikz/tikz.code.tex
Package: tikz 2015/08/07 v3.0.1a (rcs-revision 1.151)

(/usr/share/texlive/texmf-dist/tex/generic/pgf/libraries/pgflibraryplothandlers
.code.tex
File: pgflibraryplothandlers.code.tex 2013/08/31 v3.0.1a (rcs-revision 1.20)
\pgf@plot@mark@count=\count147
\pgfplotmarksize=\dimen262
)
\tikz@lastx=\dimen263
\tikz@lasty=\dimen264
\tikz@lastxsaved=\dimen265
\tikz@lastysaved=\dimen266
\tikzleveldistance=\dimen267
\tikzsiblingdistance=\dimen268
\tikz@figbox=\box75
\tikz@figbox@bg=\box76
\tikz@tempbox=\box77
\tikz@tempbox@bg=\box78
\tikztreelevel=\count148
\tikznumberofchildren=\count149
\tikznumberofcurrentchild=\count150
\tikz@fig@count=\count151

(/usr/share/texlive/texmf-dist/tex/generic/pgf/modules/pgfmodulematrix.code.tex
File: pgfmodulematrix.code.tex 2013/09/17  (rcs-revision 1.8)
\pgfmatrixcurrentrow=\count152
\pgfmatrixcurrentcolumn=\count153
\pgf@matrix@numberofcolumns=\count154
)
\tikz@expandcount=\count155

(/usr/share/texlive/texmf-dist/tex/generic/pgf/frontendlayer/tikz/libraries/tik
zlibrarytopaths.code.tex
File: tikzlibrarytopaths.code.tex 2008/06/17 v3.0.1a (rcs-revision 1.2)
)))
(/usr/share/texlive/texmf-dist/tex/generic/pgf/frontendlayer/tikz/libraries/tik
zlibraryarrows.code.tex
File: tikzlibraryarrows.code.tex 2008/01/09 v3.0.1a (rcs-revision 1.1)

(/usr/share/texlive/texmf-dist/tex/generic/pgf/libraries/pgflibraryarrows.code.
tex
File: pgflibraryarrows.code.tex 2013/09/23 v3.0.1a (rcs-revision 1.16)
\arrowsize=\dimen269
))
(/usr/share/texlive/texmf-dist/tex/generic/pgf/frontendlayer/tikz/libraries/tik
zlibrarysnakes.code.tex
File: tikzlibrarysnakes.code.tex 2013/07/15 v3.0.1a (rcs-revision 1.7)


Package pgf Warning: Snakes have been superseded by decorations. Please use the
 decoration libraries instead of the snakes library on input line 14.


(/usr/share/texlive/texmf-dist/tex/generic/pgf/frontendlayer/tikz/libraries/tik
zlibrarydecorations.pathmorphing.code.tex
(/usr/share/texlive/texmf-dist/tex/generic/pgf/frontendlayer/tikz/libraries/tik
zlibrarydecorations.code.tex
(/usr/share/texlive/texmf-dist/tex/generic/pgf/modules/pgfmoduledecorations.cod
e.tex
\pgfdecoratedcompleteddistance=\dimen270
\pgfdecoratedremainingdistance=\dimen271
\pgfdecoratedinputsegmentcompleteddistance=\dimen272
\pgfdecoratedinputsegmentremainingdistance=\dimen273
\pgf@decorate@distancetomove=\dimen274
\pgf@decorate@repeatstate=\count156
\pgfdecorationsegmentamplitude=\dimen275
\pgfdecorationsegmentlength=\dimen276
)
\tikz@lib@dec@box=\box79
)
(/usr/share/texlive/texmf-dist/tex/generic/pgf/libraries/decorations/pgflibrary
decorations.pathmorphing.code.tex))
(/usr/share/texlive/texmf-dist/tex/generic/pgf/frontendlayer/tikz/libraries/tik
zlibrarydecorations.pathreplacing.code.tex
(/usr/share/texlive/texmf-dist/tex/generic/pgf/libraries/decorations/pgflibrary
decorations.pathreplacing.code.tex))
(/usr/share/texlive/texmf-dist/tex/generic/pgf/frontendlayer/tikz/libraries/tik
zlibrarydecorations.shapes.code.tex
(/usr/share/texlive/texmf-dist/tex/generic/pgf/libraries/decorations/pgflibrary
decorations.shapes.code.tex)))
(/usr/share/texlive/texmf-dist/tex/generic/pgf/frontendlayer/tikz/libraries/tik
zlibrarybackgrounds.code.tex
File: tikzlibrarybackgrounds.code.tex 2013/07/18 v3.0.1a (rcs-revision 1.3)
\pgf@layerbox@background=\box80
\pgf@layerboxsaved@background=\box81
)
(/usr/share/texlive/texmf-dist/tex/latex/hyperref/hyperref.sty
Package: hyperref 2012/11/06 v6.83m Hypertext links for LaTeX

(/usr/share/texlive/texmf-dist/tex/generic/oberdiek/hobsub-hyperref.sty
Package: hobsub-hyperref 2012/05/28 v1.13 Bundle oberdiek, subset hyperref (HO)


(/usr/share/texlive/texmf-dist/tex/generic/oberdiek/hobsub-generic.sty
Package: hobsub-generic 2012/05/28 v1.13 Bundle oberdiek, subset generic (HO)
Package: hobsub 2012/05/28 v1.13 Construct package bundles (HO)
Package hobsub Info: Skipping package `infwarerr' (already loaded).
Package hobsub Info: Skipping package `ltxcmds' (already loaded).
Package: ifluatex 2010/03/01 v1.3 Provides the ifluatex switch (HO)
Package ifluatex Info: LuaTeX not detected.
Package hobsub Info: Skipping package `ifvtex' (already loaded).
Package: intcalc 2007/09/27 v1.1 Expandable calculations with integers (HO)
Package hobsub Info: Skipping package `ifpdf' (already loaded).
Package: etexcmds 2011/02/16 v1.5 Avoid name clashes with e-TeX commands (HO)
Package etexcmds Info: Could not find \expanded.
(etexcmds)             That can mean that you are not using pdfTeX 1.50 or
(etexcmds)             that some package has redefined \expanded.
(etexcmds)             In the latter case, load this package earlier.
Package: kvsetkeys 2012/04/25 v1.16 Key value parser (HO)
Package: kvdefinekeys 2011/04/07 v1.3 Define keys (HO)
Package: pdftexcmds 2011/11/29 v0.20 Utility functions of pdfTeX for LuaTeX (HO
)
Package pdftexcmds Info: LuaTeX not detected.
Package pdftexcmds Info: \pdf@primitive is available.
Package pdftexcmds Info: \pdf@ifprimitive is available.
Package pdftexcmds Info: \pdfdraftmode found.
Package: pdfescape 2011/11/25 v1.13 Implements pdfTeX's escape features (HO)
Package: bigintcalc 2012/04/08 v1.3 Expandable calculations on big integers (HO
)
Package: bitset 2011/01/30 v1.1 Handle bit-vector datatype (HO)
Package: uniquecounter 2011/01/30 v1.2 Provide unlimited unique counter (HO)
)
Package hobsub Info: Skipping package `hobsub' (already loaded).
Package: letltxmacro 2010/09/02 v1.4 Let assignment for LaTeX macros (HO)
Package: hopatch 2012/05/28 v1.2 Wrapper for package hooks (HO)
Package: xcolor-patch 2011/01/30 xcolor patch
Package: atveryend 2011/06/30 v1.8 Hooks at the very end of document (HO)
Package atveryend Info: \enddocument detected (standard20110627).
Package: atbegshi 2011/10/05 v1.16 At begin shipout hook (HO)
Package: refcount 2011/10/16 v3.4 Data extraction from label references (HO)
Package: hycolor 2011/01/30 v1.7 Color options for hyperref/bookmark (HO)
)
(/usr/share/texlive/texmf-dist/tex/latex/oberdiek/auxhook.sty
Package: auxhook 2011/03/04 v1.3 Hooks for auxiliary files (HO)
)
(/usr/share/texlive/texmf-dist/tex/latex/oberdiek/kvoptions.sty
Package: kvoptions 2011/06/30 v3.11 Key value format for package options (HO)
)
\@linkdim=\dimen277
\Hy@linkcounter=\count157
\Hy@pagecounter=\count158

(/usr/share/texlive/texmf-dist/tex/latex/hyperref/pd1enc.def
File: pd1enc.def 2012/11/06 v6.83m Hyperref: PDFDocEncoding definition (HO)
Now handling font encoding PD1 ...
... no UTF-8 mapping file for font encoding PD1
)
\Hy@SavedSpaceFactor=\count159

(/usr/share/texlive/texmf-dist/tex/latex/latexconfig/hyperref.cfg
File: hyperref.cfg 2002/06/06 v1.2 hyperref configuration of TeXLive
)
Package hyperref Info: Hyper figures OFF on input line 4443.
Package hyperref Info: Link nesting OFF on input line 4448.
Package hyperref Info: Hyper index ON on input line 4451.
Package hyperref Info: Plain pages OFF on input line 4458.
Package hyperref Info: Backreferencing OFF on input line 4463.
Package hyperref Info: Implicit mode ON; LaTeX internals redefined.
Package hyperref Info: Bookmarks ON on input line 4688.
\c@Hy@tempcnt=\count160

(/usr/share/texlive/texmf-dist/tex/latex/url/url.sty
\Urlmuskip=\muskip11
Package: url 2013/09/16  ver 3.4  Verb mode for urls, etc.
)
LaTeX Info: Redefining \url on input line 5041.
\XeTeXLinkMargin=\dimen278
\Fld@menulength=\count161
\Field@Width=\dimen279
\Fld@charsize=\dimen280
Package hyperref Info: Hyper figures OFF on input line 6295.
Package hyperref Info: Link nesting OFF on input line 6300.
Package hyperref Info: Hyper index ON on input line 6303.
Package hyperref Info: backreferencing OFF on input line 6310.
Package hyperref Info: Link coloring OFF on input line 6315.
Package hyperref Info: Link coloring with OCG OFF on input line 6320.
Package hyperref Info: PDF/A mode OFF on input line 6325.
LaTeX Info: Redefining \ref on input line 6365.
LaTeX Info: Redefining \pageref on input line 6369.
\Hy@abspage=\count162
\c@Item=\count163
\c@Hfootnote=\count164
)

Package hyperref Message: Driver (autodetected): hpdftex.

(/usr/share/texlive/texmf-dist/tex/latex/hyperref/hpdftex.def
File: hpdftex.def 2012/11/06 v6.83m Hyperref driver for pdfTeX
\Fld@listcount=\count165
\c@bookmark@seq@number=\count166

(/usr/share/texlive/texmf-dist/tex/latex/oberdiek/rerunfilecheck.sty
Package: rerunfilecheck 2011/04/15 v1.7 Rerun checks for auxiliary files (HO)
Package uniquecounter Info: New unique counter `rerunfilecheck' on input line 2
82.
)
\Hy@SectionHShift=\skip79
)
Package hyperref Info: Option `colorlinks' set `true' on input line 32.
\c@subsubsubsection=\count167

(./BC.aux)
\openout1 = `BC.aux'.

LaTeX Font Info:    Checking defaults for OML/cmm/m/it on input line 74.
LaTeX Font Info:    ... okay on input line 74.
LaTeX Font Info:    Checking defaults for T1/cmr/m/n on input line 74.
LaTeX Font Info:    ... okay on input line 74.
LaTeX Font Info:    Checking defaults for OT1/cmr/m/n on input line 74.
LaTeX Font Info:    ... okay on input line 74.
LaTeX Font Info:    Checking defaults for OMS/cmsy/m/n on input line 74.
LaTeX Font Info:    ... okay on input line 74.
LaTeX Font Info:    Checking defaults for OMX/cmex/m/n on input line 74.
LaTeX Font Info:    ... okay on input line 74.
LaTeX Font Info:    Checking defaults for U/cmr/m/n on input line 74.
LaTeX Font Info:    ... okay on input line 74.
LaTeX Font Info:    Checking defaults for T5/cmr/m/n on input line 74.
LaTeX Font Info:    ... okay on input line 74.
LaTeX Font Info:    Checking defaults for PD1/pdf/m/n on input line 74.
LaTeX Font Info:    ... okay on input line 74.
 (/usr/share/texlive/texmf-dist/tex/context/base/supp-pdf.mkii
[Loading MPS to PDF converter (version 2006.09.02).]
\scratchcounter=\count168
\scratchdimen=\dimen281
\scratchbox=\box82
\nofMPsegments=\count169
\nofMParguments=\count170
\everyMPshowfont=\toks46
\MPscratchCnt=\count171
\MPscratchDim=\dimen282
\MPnumerator=\count172
\makeMPintoPDFobject=\count173
\everyMPtoPDFconversion=\toks47
) (/usr/share/texlive/texmf-dist/tex/latex/oberdiek/epstopdf-base.sty
Package: epstopdf-base 2010/02/09 v2.5 Base part for package epstopdf

(/usr/share/texlive/texmf-dist/tex/latex/oberdiek/grfext.sty
Package: grfext 2010/08/19 v1.1 Manage graphics extensions (HO)
)
Package grfext Info: Graphics extension search list:
(grfext)             [.png,.pdf,.jpg,.mps,.jpeg,.jbig2,.jb2,.PNG,.PDF,.JPG,.JPE
G,.JBIG2,.JB2,.eps]
(grfext)             \AppendGraphicsExtensions on input line 452.

(/usr/share/texlive/texmf-dist/tex/latex/latexconfig/epstopdf-sys.cfg
File: epstopdf-sys.cfg 2010/07/13 v1.3 Configuration of (r)epstopdf for TeX Liv
e
))
Package lastpage Info: Please have a look at the pageslts package at
(lastpage)             https://www.ctan.org/pkg/pageslts
(lastpage)             ! on input line 74.
Package caption Info: Begin \AtBeginDocument code.
Package caption Info: hyperref package is loaded.
Package caption Info: listings package is loaded.
Package caption Info: rotating package is loaded.
Package caption Info: End \AtBeginDocument code.
\c@lstlisting=\count174

*geometry* driver: auto-detecting
*geometry* detected driver: pdftex
*geometry* verbose mode - [ preamble ] result:
* driver: pdftex
* paper: a4paper
* layout: <same size as paper>
* layoutoffset:(h,v)=(0.0pt,0.0pt)
* modes: 
* h-part:(L,W,R)=(89.62709pt, 418.25368pt, 89.6271pt)
* v-part:(T,H,B)=(101.40665pt, 591.5302pt, 152.11pt)
* \paperwidth=597.50787pt
* \paperheight=845.04684pt
* \textwidth=418.25368pt
* \textheight=591.5302pt
* \oddsidemargin=17.3571pt
* \evensidemargin=17.3571pt
* \topmargin=-7.86334pt
* \headheight=40.0pt
* \headsep=25.0pt
* \topskip=10.0pt
* \footskip=30.0pt
* \marginparwidth=54.2025pt
* \marginparsep=11.0pt
* \columnsep=10.0pt
* \skip\footins=9.0pt plus 4.0pt minus 2.0pt
* \hoffset=0.0pt
* \voffset=0.0pt
* \mag=1000
* \@twocolumnfalse
* \@twosidefalse
* \@mparswitchfalse
* \@reversemarginfalse
* (1in=72.27pt=25.4mm, 1cm=28.453pt)

ABD: EveryShipout initializing macros
\AtBeginShipoutBox=\box83
Package hyperref Info: Link coloring ON on input line 74.

(/usr/share/texlive/texmf-dist/tex/latex/hyperref/nameref.sty
Package: nameref 2012/10/27 v2.43 Cross-referencing by name of section

(/usr/share/texlive/texmf-dist/tex/generic/oberdiek/gettitlestring.sty
Package: gettitlestring 2010/12/03 v1.4 Cleanup title references (HO)
)
\c@section@level=\count175
)
LaTeX Info: Redefining \ref on input line 74.
LaTeX Info: Redefining \pageref on input line 74.
LaTeX Info: Redefining \nameref on input line 74.

(./BC.out) (./BC.out)
\@outlinefile=\write5
\openout5 = `BC.out'.

 <hcmut.png, id=87, 272.01625pt x 277.035pt>
File: hcmut.png Graphic file (type png)

<use hcmut.png>
Package pdftex.def Info: hcmut.png used on input line 90.
(pdftex.def)             Requested size: 85.35826pt x 86.93253pt.
LaTeX Font Info:    Try loading font information for U+msa on input line 98.
 (/usr/share/texlive/texmf-dist/tex/latex/amsfonts/umsa.fd
File: umsa.fd 2013/01/14 v3.01 AMS symbols A
)
LaTeX Font Info:    Try loading font information for U+msb on input line 98.

(/usr/share/texlive/texmf-dist/tex/latex/amsfonts/umsb.fd
File: umsb.fd 2013/01/14 v3.01 AMS symbols B
)
LaTeX Font Info:    Try loading font information for U+lasy on input line 98.

(/usr/share/texlive/texmf-dist/tex/latex/base/ulasy.fd
File: ulasy.fd 1998/08/17 v2.2e LaTeX symbol font definitions
) [1

{/var/lib/texmf/fonts/map/pdftex/updmap/pdftex.map} <./hcmut.png>] (./BC.toc)
\tf@toc=\write6
\openout6 = `BC.toc'.

pdfTeX warning (ext4): destination with the same identifier (name{page.1}) has 
been already used, duplicate ignored
<to be read again> 
                   \relax 
l.131 \newpage
               [1] (./BC.lot)
\tf@lot=\write7
\openout7 = `BC.lot'.

 [2] (./BC.lof)
\tf@lof=\write8
\openout8 = `BC.lof'.

 [3]

Package hyperref Warning: Glyph not defined in PD1 encoding,
(hyperref)                removing `\h' on input line 142.


Package hyperref Warning: Glyph not defined in PD1 encoding,
(hyperref)                removing `\ocircumflex' on input line 142.


Package hyperref Warning: Composite letter `\textacute+\uhorn'
(hyperref)                not defined in PD1 encoding,
(hyperref)                removing `\textacute' on input line 142.


Package hyperref Warning: Glyph not defined in PD1 encoding,
(hyperref)                removing `\uhorn' on input line 142.

LaTeX Font Info:    Try loading font information for OMS+cmr on input line 163.

(/usr/share/texlive/texmf-dist/tex/latex/base/omscmr.fd
File: omscmr.fd 2014/09/29 v2.5h Standard LaTeX font definitions
)
LaTeX Font Info:    Font shape `OMS/cmr/m/n' in size <10> not available
(Font)              Font shape `OMS/cmsy/m/n' tried instead on input line 163.
LaTeX Font Info:    Try loading font information for T5+cmtt on input line 168.


(/usr/share/texlive/texmf-dist/tex/latex/vntex/t5cmtt.fd
File: t5cmtt.fd 1999/05/25 v2.5h Standard LaTeX font definitions
)
File: hcmut.png Graphic file (type png)
 <use hcmut.png>
Package pdftex.def Info: hcmut.png used on input line 171.
(pdftex.def)             Requested size: 22.76204pt x 22.75928pt.
LaTeX Font Info:    Font shape `T5/cmtt/bx/n' in size <10> not available
(Font)              Font shape `T5/cmtt/m/n' tried instead on input line 171.

[4]

Package hyperref Warning: Glyph not defined in PD1 encoding,
(hyperref)                removing `\h' on input line 172.


Package hyperref Warning: Composite letter `\textasciigrave+\acircumflex'
(hyperref)                not defined in PD1 encoding,
(hyperref)                removing `\textasciigrave' on input line 172.


Package hyperref Warning: Glyph not defined in PD1 encoding,
(hyperref)                removing `\acircumflex' on input line 172.


Package hyperref Warning: Glyph not defined in PD1 encoding,
(hyperref)                removing `\h' on input line 172.


Package hyperref Warning: Composite letter `\textasciigrave+\acircumflex'
(hyperref)                not defined in PD1 encoding,
(hyperref)                removing `\textasciigrave' on input line 172.


Package hyperref Warning: Glyph not defined in PD1 encoding,
(hyperref)                removing `\acircumflex' on input line 172.


Package hyperref Warning: Composite letter `\textasciigrave+\ecircumflex'
(hyperref)                not defined in PD1 encoding,
(hyperref)                removing `\textasciigrave' on input line 172.


Package hyperref Warning: Glyph not defined in PD1 encoding,
(hyperref)                removing `\ecircumflex' on input line 172.


Package hyperref Warning: Composite letter `\textacute+\ecircumflex'
(hyperref)                not defined in PD1 encoding,
(hyperref)                removing `\textacute' on input line 192.


Package hyperref Warning: Glyph not defined in PD1 encoding,
(hyperref)                removing `\ecircumflex' on input line 192.


Package hyperref Warning: Composite letter `\textacute+\ecircumflex'
(hyperref)                not defined in PD1 encoding,
(hyperref)                removing `\textacute' on input line 192.


Package hyperref Warning: Glyph not defined in PD1 encoding,
(hyperref)                removing `\ecircumflex' on input line 192.


Package hyperref Warning: Composite letter `\textasciigrave+\acircumflex'
(hyperref)                not defined in PD1 encoding,
(hyperref)                removing `\textasciigrave' on input line 192.


Package hyperref Warning: Glyph not defined in PD1 encoding,
(hyperref)                removing `\acircumflex' on input line 192.


Package hyperref Warning: Composite letter `\textasciigrave+\ecircumflex'
(hyperref)                not defined in PD1 encoding,
(hyperref)                removing `\textasciigrave' on input line 192.


Package hyperref Warning: Glyph not defined in PD1 encoding,
(hyperref)                removing `\ecircumflex' on input line 192.


Package hyperref Warning: Composite letter `\textacute+\ecircumflex'
(hyperref)                not defined in PD1 encoding,
(hyperref)                removing `\textacute' on input line 193.


Package hyperref Warning: Glyph not defined in PD1 encoding,
(hyperref)                removing `\ecircumflex' on input line 193.


Package hyperref Warning: Composite letter `\textacute+\ecircumflex'
(hyperref)                not defined in PD1 encoding,
(hyperref)                removing `\textacute' on input line 193.


Package hyperref Warning: Glyph not defined in PD1 encoding,
(hyperref)                removing `\ecircumflex' on input line 193.


Package hyperref Warning: Composite letter `\textacute+\acircumflex'
(hyperref)                not defined in PD1 encoding,
(hyperref)                removing `\textacute' on input line 193.


Package hyperref Warning: Glyph not defined in PD1 encoding,
(hyperref)                removing `\acircumflex' on input line 193.


Package hyperref Warning: Composite letter `\texttilde+\uhorn'
(hyperref)                not defined in PD1 encoding,
(hyperref)                removing `\texttilde' on input line 193.


Package hyperref Warning: Glyph not defined in PD1 encoding,
(hyperref)                removing `\uhorn' on input line 193.


Package hyperref Warning: Composite letter `\textdotbelow+\ecircumflex'
(hyperref)                not defined in PD1 encoding,
(hyperref)                removing `\textdotbelow' on input line 193.


Package hyperref Warning: Glyph not defined in PD1 encoding,
(hyperref)                removing `\ecircumflex' on input line 193.


Package hyperref Warning: Glyph not defined in PD1 encoding,
(hyperref)                removing `\dj' on input line 193.


Package hyperref Warning: Glyph not defined in PD1 encoding,
(hyperref)                removing `\h' on input line 193.


Package hyperref Warning: Glyph not defined in PD1 encoding,
(hyperref)                removing `\ecircumflex' on input line 193.


Package hyperref Warning: Glyph not defined in PD1 encoding,
(hyperref)                removing `\h' on input line 193.


Package hyperref Warning: Glyph not defined in PD1 encoding,
(hyperref)                removing `\ecircumflex' on input line 193.


Package hyperref Warning: Composite letter `\textasciigrave+\acircumflex'
(hyperref)                not defined in PD1 encoding,
(hyperref)                removing `\textasciigrave' on input line 193.


Package hyperref Warning: Glyph not defined in PD1 encoding,
(hyperref)                removing `\acircumflex' on input line 193.


Package hyperref Warning: Composite letter `\textasciigrave+\ecircumflex'
(hyperref)                not defined in PD1 encoding,
(hyperref)                removing `\textasciigrave' on input line 193.


Package hyperref Warning: Glyph not defined in PD1 encoding,
(hyperref)                removing `\ecircumflex' on input line 193.


Package hyperref Warning: Glyph not defined in PD1 encoding,
(hyperref)                removing `\uhorn' on input line 193.


Package hyperref Warning: Composite letter `\textdotbelow+\ecircumflex'
(hyperref)                not defined in PD1 encoding,
(hyperref)                removing `\textdotbelow' on input line 193.


Package hyperref Warning: Glyph not defined in PD1 encoding,
(hyperref)                removing `\ecircumflex' on input line 193.

<Diagram_User.png, id=161, 364.36125pt x 614.295pt>
File: Diagram_User.png Graphic file (type png)
 <use Diagram_User.png>
Package pdftex.def Info: Diagram_User.png used on input line 198.
(pdftex.def)             Requested size: 291.48938pt x 491.43666pt.


LaTeX Warning: `!h' float specifier changed to `!ht'.

File: hcmut.png Graphic file (type png)
<use hcmut.png>
Package pdftex.def Info: hcmut.png used on input line 202.
(pdftex.def)             Requested size: 22.76204pt x 22.75928pt.
 [5]
Underfull \hbox (badness 10000) in paragraph at lines 206--207

 []

File: hcmut.png Graphic file (type png)
<use hcmut.png>
Package pdftex.def Info: hcmut.png used on input line 207.
(pdftex.def)             Requested size: 22.76204pt x 22.75928pt.
 [6 <./Diagram_User.png>]

Package hyperref Warning: Composite letter `\textacute+\ecircumflex'
(hyperref)                not defined in PD1 encoding,
(hyperref)                removing `\textacute' on input line 213.


Package hyperref Warning: Glyph not defined in PD1 encoding,
(hyperref)                removing `\ecircumflex' on input line 213.


Package hyperref Warning: Composite letter `\textacute+\ecircumflex'
(hyperref)                not defined in PD1 encoding,
(hyperref)                removing `\textacute' on input line 213.


Package hyperref Warning: Glyph not defined in PD1 encoding,
(hyperref)                removing `\ecircumflex' on input line 213.


Package hyperref Warning: Composite letter `\textacute+\ocircumflex'
(hyperref)                not defined in PD1 encoding,
(hyperref)                removing `\textacute' on input line 213.


Package hyperref Warning: Glyph not defined in PD1 encoding,
(hyperref)                removing `\ocircumflex' on input line 213.


Package hyperref Warning: Composite letter `\textacute+\uhorn'
(hyperref)                not defined in PD1 encoding,
(hyperref)                removing `\textacute' on input line 213.


Package hyperref Warning: Glyph not defined in PD1 encoding,
(hyperref)                removing `\uhorn' on input line 213.


Package hyperref Warning: Glyph not defined in PD1 encoding,
(hyperref)                removing `\u' on input line 213.


Package hyperref Warning: Composite letter `\textdotbelow+\ecircumflex'
(hyperref)                not defined in PD1 encoding,
(hyperref)                removing `\textdotbelow' on input line 213.


Package hyperref Warning: Glyph not defined in PD1 encoding,
(hyperref)                removing `\ecircumflex' on input line 213.


Package hyperref Warning: Composite letter `\textacute+\ocircumflex'
(hyperref)                not defined in PD1 encoding,
(hyperref)                removing `\textacute' on input line 213.


Package hyperref Warning: Glyph not defined in PD1 encoding,
(hyperref)                removing `\ocircumflex' on input line 213.

<mainDiagram.png, id=175, 718.685pt x 824.07875pt>
File: mainDiagram.png Graphic file (type png)
 <use mainDiagram.png>
Package pdftex.def Info: mainDiagram.png used on input line 216.
(pdftex.def)             Requested size: 359.34161pt x 412.03836pt.


LaTeX Warning: `!h' float specifier changed to `!ht'.

File: hcmut.png Graphic file (type png)
<use hcmut.png>
Package pdftex.def Info: hcmut.png used on input line 220.
(pdftex.def)             Requested size: 22.76204pt x 22.75928pt.
 [7] <loginDiagram.png, id=181, 758.835pt x 621.32124pt>
File: loginDiagram.png Graphic file (type png)

<use loginDiagram.png>
Package pdftex.def Info: loginDiagram.png used on input line 223.
(pdftex.def)             Requested size: 379.41658pt x 310.65987pt.


LaTeX Warning: `!h' float specifier changed to `!ht'.

<readerDiagram.png, id=182, 793.96625pt x 783.92876pt>
File: readerDiagram.png Graphic file (type png)
 <use readerDiagram.png>
Package pdftex.def Info: readerDiagram.png used on input line 230.
(pdftex.def)             Requested size: 396.98215pt x 391.96342pt.


LaTeX Warning: `!h' float specifier changed to `!ht'.

<librarianDiagram.png, id=183, 812.03375pt x 1054.94125pt>
File: librarianDiagram.png Graphic file (type png)

<use librarianDiagram.png>
Package pdftex.def Info: librarianDiagram.png used on input line 237.
(pdftex.def)             Requested size: 406.01588pt x 527.46935pt.


LaTeX Warning: `!h' float specifier changed to `!ht'.

<adminDiagram.png, id=184, 720.6925pt x 844.15375pt>
File: adminDiagram.png Graphic file (type png)
 <use adminDiagram.png>
Package pdftex.def Info: adminDiagram.png used on input line 244.
(pdftex.def)             Requested size: 360.34537pt x 422.07584pt.


LaTeX Warning: `!h' float specifier changed to `!ht'.


Package hyperref Warning: Composite letter `\textacute+\ecircumflex'
(hyperref)                not defined in PD1 encoding,
(hyperref)                removing `\textacute' on input line 249.


Package hyperref Warning: Glyph not defined in PD1 encoding,
(hyperref)                removing `\ecircumflex' on input line 249.


Package hyperref Warning: Composite letter `\textacute+\ecircumflex'
(hyperref)                not defined in PD1 encoding,
(hyperref)                removing `\textacute' on input line 249.


Package hyperref Warning: Glyph not defined in PD1 encoding,
(hyperref)                removing `\ecircumflex' on input line 249.


Package hyperref Warning: Composite letter `\textdotbelow+\ecircumflex'
(hyperref)                not defined in PD1 encoding,
(hyperref)                removing `\textdotbelow' on input line 249.


Package hyperref Warning: Glyph not defined in PD1 encoding,
(hyperref)                removing `\ecircumflex' on input line 249.


Underfull \hbox (badness 10000) in paragraph at lines 250--252

 []

File: hcmut.png Graphic file (type png)
<use hcmut.png>
Package pdftex.def Info: hcmut.png used on input line 257.
(pdftex.def)             Requested size: 22.76204pt x 22.75928pt.
 [8 <./mainDiagram.png>]

Package hyperref Warning: Glyph not defined in PD1 encoding,
(hyperref)                removing `\h' on input line 261.


Package hyperref Warning: Glyph not defined in PD1 encoding,
(hyperref)                removing `\ocircumflex' on input line 261.


Package hyperref Warning: Composite letter `\textacute+\uhorn'
(hyperref)                not defined in PD1 encoding,
(hyperref)                removing `\textacute' on input line 261.


Package hyperref Warning: Glyph not defined in PD1 encoding,
(hyperref)                removing `\uhorn' on input line 261.


Package hyperref Warning: Glyph not defined in PD1 encoding,
(hyperref)                removing `\h' on input line 261.


Package hyperref Warning: Composite letter `\textasciigrave+\ocircumflex'
(hyperref)                not defined in PD1 encoding,
(hyperref)                removing `\textasciigrave' on input line 261.


Package hyperref Warning: Glyph not defined in PD1 encoding,
(hyperref)                removing `\ocircumflex' on input line 261.


Package hyperref Warning: Glyph not defined in PD1 encoding,
(hyperref)                removing `\h' on input line 261.


Package hyperref Warning: Glyph not defined in PD1 encoding,
(hyperref)                removing `\ecircumflex' on input line 261.

<folderStructure.png, id=191, 727.71875pt x 895.345pt>
File: folderStructure.png Graphic file (type png)

<use folderStructure.png>
Package pdftex.def Info: folderStructure.png used on input line 265.
(pdftex.def)             Requested size: 363.85847pt x 447.6714pt.


LaTeX Warning: `!h' float specifier changed to `!ht'.

File: hcmut.png Graphic file (type png)
<use hcmut.png>
Package pdftex.def Info: hcmut.png used on input line 269.
(pdftex.def)             Requested size: 22.76204pt x 22.75928pt.
 [9 <./loginDiagram.png>]
Underfull \hbox (badness 10000) in paragraph at lines 271--273

 []


Package hyperref Warning: Composite letter `\textdotbelow+\acircumflex'
(hyperref)                not defined in PD1 encoding,
(hyperref)                removing `\textdotbelow' on input line 273.


Package hyperref Warning: Glyph not defined in PD1 encoding,
(hyperref)                removing `\acircumflex' on input line 273.


Package hyperref Warning: Composite letter `\textacute+\ocircumflex'
(hyperref)                not defined in PD1 encoding,
(hyperref)                removing `\textacute' on input line 273.


Package hyperref Warning: Glyph not defined in PD1 encoding,
(hyperref)                removing `\ocircumflex' on input line 273.


Package hyperref Warning: Composite letter `\textdotbelow+\ecircumflex'
(hyperref)                not defined in PD1 encoding,
(hyperref)                removing `\textdotbelow' on input line 273.


Package hyperref Warning: Glyph not defined in PD1 encoding,
(hyperref)                removing `\ecircumflex' on input line 273.


Underfull \hbox (badness 10000) in paragraph at lines 274--275

 []

File: hcmut.png Graphic file (type png)
<use hcmut.png>
Package pdftex.def Info: hcmut.png used on input line 279.
(pdftex.def)             Requested size: 22.76204pt x 22.75928pt.
 [10 <./readerDiagram.png>]

LaTeX Warning: Text page 11 contains only floats.

File: hcmut.png Graphic file (type png)
<use hcmut.png>
Package pdftex.def Info: hcmut.png used on input line 279.
(pdftex.def)             Requested size: 22.76204pt x 22.75928pt.
 [11 <./librarianDiagram.png>]
Underfull \hbox (badness 10000) in paragraph at lines 283--284

 []


Package hyperref Warning: Glyph not defined in PD1 encoding,
(hyperref)                removing `\h' on input line 284.


Package hyperref Warning: Glyph not defined in PD1 encoding,
(hyperref)                removing `\ecircumflex' on input line 284.


Package hyperref Warning: Composite letter `\textasciigrave+\acircumflex'
(hyperref)                not defined in PD1 encoding,
(hyperref)                removing `\textasciigrave' on input line 284.


Package hyperref Warning: Glyph not defined in PD1 encoding,
(hyperref)                removing `\acircumflex' on input line 284.


Package hyperref Warning: Composite letter `\textasciigrave+\ecircumflex'
(hyperref)                not defined in PD1 encoding,
(hyperref)                removing `\textasciigrave' on input line 284.


Package hyperref Warning: Glyph not defined in PD1 encoding,
(hyperref)                removing `\ecircumflex' on input line 284.


Package hyperref Warning: Composite letter `\textdotbelow+\ecircumflex'
(hyperref)                not defined in PD1 encoding,
(hyperref)                removing `\textdotbelow' on input line 286.


Package hyperref Warning: Glyph not defined in PD1 encoding,
(hyperref)                removing `\ecircumflex' on input line 286.


Package hyperref Warning: Composite letter `\textasciigrave+\ocircumflex'
(hyperref)                not defined in PD1 encoding,
(hyperref)                removing `\textasciigrave' on input line 287.


Package hyperref Warning: Glyph not defined in PD1 encoding,
(hyperref)                removing `\ocircumflex' on input line 287.


Package hyperref Warning: Glyph not defined in PD1 encoding,
(hyperref)                removing `\dj' on input line 287.


Package hyperref Warning: Composite letter `\textdotbelow+i'
(hyperref)                not defined in PD1 encoding,
(hyperref)                removing `\textdotbelow' on input line 287.


Package hyperref Warning: Composite letter `\textdotbelow+a'
(hyperref)                not defined in PD1 encoding,
(hyperref)                removing `\textdotbelow' on input line 287.


Underfull \hbox (badness 10000) in paragraph at lines 288--289

 []

File: hcmut.png Graphic file (type png)
<use hcmut.png>
Package pdftex.def Info: hcmut.png used on input line 289.
(pdftex.def)             Requested size: 22.76204pt x 22.75928pt.
 [12 <./adminDiagram.png>]
File: hcmut.png Graphic file (type png)
 <use hcmut.png>
Package pdftex.def Info: hcmut.png used on input line 289.
(pdftex.def)             Requested size: 22.76204pt x 22.75928pt.
 [13 <./folderStructure.png>]

Package hyperref Warning: Composite letter `\textdotbelow+\ecircumflex'
(hyperref)                not defined in PD1 encoding,
(hyperref)                removing `\textdotbelow' on input line 289.


Package hyperref Warning: Glyph not defined in PD1 encoding,
(hyperref)                removing `\ecircumflex' on input line 289.


Package hyperref Warning: Glyph not defined in PD1 encoding,
(hyperref)                removing `\h' on input line 289.


Package hyperref Warning: Glyph not defined in PD1 encoding,
(hyperref)                removing `\ocircumflex' on input line 289.


Package hyperref Warning: Composite letter `\textdotbelow+\ohorn'
(hyperref)                not defined in PD1 encoding,
(hyperref)                removing `\textdotbelow' on input line 289.


Package hyperref Warning: Glyph not defined in PD1 encoding,
(hyperref)                removing `\ohorn' on input line 289.


Package hyperref Warning: Glyph not defined in PD1 encoding,
(hyperref)                removing `\h' on input line 289.


Package hyperref Warning: Glyph not defined in PD1 encoding,
(hyperref)                removing `\ecircumflex' on input line 289.


Package hyperref Warning: Composite letter `\textacute+\acircumflex'
(hyperref)                not defined in PD1 encoding,
(hyperref)                removing `\textacute' on input line 289.


Package hyperref Warning: Glyph not defined in PD1 encoding,
(hyperref)                removing `\acircumflex' on input line 289.


Package hyperref Warning: Composite letter `\textdotbelow+\ecircumflex'
(hyperref)                not defined in PD1 encoding,
(hyperref)                removing `\textdotbelow' on input line 290.


Package hyperref Warning: Glyph not defined in PD1 encoding,
(hyperref)                removing `\ecircumflex' on input line 290.


Package hyperref Warning: Glyph not defined in PD1 encoding,
(hyperref)                removing `\uhorn' on input line 290.


Package hyperref Warning: Composite letter `\textacute+\ohorn'
(hyperref)                not defined in PD1 encoding,
(hyperref)                removing `\textacute' on input line 290.


Package hyperref Warning: Glyph not defined in PD1 encoding,
(hyperref)                removing `\ohorn' on input line 290.


Package hyperref Warning: Composite letter `\texttilde+\acircumflex'
(hyperref)                not defined in PD1 encoding,
(hyperref)                removing `\texttilde' on input line 290.


Package hyperref Warning: Glyph not defined in PD1 encoding,
(hyperref)                removing `\acircumflex' on input line 290.


Package hyperref Warning: Glyph not defined in PD1 encoding,
(hyperref)                removing `\h' on input line 290.


Package hyperref Warning: Glyph not defined in PD1 encoding,
(hyperref)                removing `\ecircumflex' on input line 290.


Package hyperref Warning: Composite letter `\textdotbelow+\ecircumflex'
(hyperref)                not defined in PD1 encoding,
(hyperref)                removing `\textdotbelow' on input line 291.


Package hyperref Warning: Glyph not defined in PD1 encoding,
(hyperref)                removing `\ecircumflex' on input line 291.


Package hyperref Warning: Glyph not defined in PD1 encoding,
(hyperref)                removing `\uhorn' on input line 291.


Package hyperref Warning: Composite letter `\textacute+\ohorn'
(hyperref)                not defined in PD1 encoding,
(hyperref)                removing `\textacute' on input line 291.


Package hyperref Warning: Glyph not defined in PD1 encoding,
(hyperref)                removing `\ohorn' on input line 291.


Package hyperref Warning: Composite letter `\texttilde+\acircumflex'
(hyperref)                not defined in PD1 encoding,
(hyperref)                removing `\texttilde' on input line 291.


Package hyperref Warning: Glyph not defined in PD1 encoding,
(hyperref)                removing `\acircumflex' on input line 291.


Package hyperref Warning: Glyph not defined in PD1 encoding,
(hyperref)                removing `\h' on input line 291.


Package hyperref Warning: Glyph not defined in PD1 encoding,
(hyperref)                removing `\uhorn' on input line 291.


Package hyperref Warning: Composite letter `\textdotbelow+u'
(hyperref)                not defined in PD1 encoding,
(hyperref)                removing `\textdotbelow' on input line 291.


Package hyperref Warning: Composite letter `\textasciigrave+\acircumflex'
(hyperref)                not defined in PD1 encoding,
(hyperref)                removing `\textasciigrave' on input line 291.


Package hyperref Warning: Glyph not defined in PD1 encoding,
(hyperref)                removing `\acircumflex' on input line 291.


Package hyperref Warning: Composite letter `\textasciigrave+\ecircumflex'
(hyperref)                not defined in PD1 encoding,
(hyperref)                removing `\textasciigrave' on input line 291.


Package hyperref Warning: Glyph not defined in PD1 encoding,
(hyperref)                removing `\ecircumflex' on input line 291.


Package hyperref Warning: Glyph not defined in PD1 encoding,
(hyperref)                removing `\h' on input line 292.


Package hyperref Warning: Composite letter `\textdotbelow+\uhorn'
(hyperref)                not defined in PD1 encoding,
(hyperref)                removing `\textdotbelow' on input line 292.


Package hyperref Warning: Glyph not defined in PD1 encoding,
(hyperref)                removing `\uhorn' on input line 292.


Package hyperref Warning: Glyph not defined in PD1 encoding,
(hyperref)                removing `\dj' on input line 292.


Package hyperref Warning: Glyph not defined in PD1 encoding,
(hyperref)                removing `\h' on input line 293.


Package hyperref Warning: Glyph not defined in PD1 encoding,
(hyperref)                removing `\h' on input line 293.


Overfull \hbox (66.49872pt too wide) in paragraph at lines 298--337
 [][] 
 []


Package hyperref Warning: Composite letter `\textdotbelow+\ecircumflex'
(hyperref)                not defined in PD1 encoding,
(hyperref)                removing `\textdotbelow' on input line 345.


Package hyperref Warning: Glyph not defined in PD1 encoding,
(hyperref)                removing `\ecircumflex' on input line 345.


Package hyperref Warning: Glyph not defined in PD1 encoding,
(hyperref)                removing `\h' on input line 345.

File: hcmut.png Graphic file (type png)
<use hcmut.png>
Package pdftex.def Info: hcmut.png used on input line 348.
(pdftex.def)             Requested size: 22.76204pt x 22.75928pt.
 [14]
File: hcmut.png Graphic file (type png)
 <use hcmut.png>
Package pdftex.def Info: hcmut.png used on input line 349.
(pdftex.def)             Requested size: 22.76204pt x 22.75928pt.
 [15]

Package hyperref Warning: Composite letter `\textdotbelow+u'
(hyperref)                not defined in PD1 encoding,
(hyperref)                removing `\textdotbelow' on input line 351.


Package hyperref Warning: Composite letter `\textdotbelow+u'
(hyperref)                not defined in PD1 encoding,
(hyperref)                removing `\textdotbelow' on input line 351.


Package hyperref Warning: Composite letter `\textdotbelow+\ecircumflex'
(hyperref)                not defined in PD1 encoding,
(hyperref)                removing `\textdotbelow' on input line 352.


Package hyperref Warning: Glyph not defined in PD1 encoding,
(hyperref)                removing `\ecircumflex' on input line 352.


Package hyperref Warning: Glyph not defined in PD1 encoding,
(hyperref)                removing `\dj' on input line 352.


Package hyperref Warning: Glyph not defined in PD1 encoding,
(hyperref)                removing `\uhorn' on input line 352.


Package hyperref Warning: Composite letter `\textdotbelow+\ohorn'
(hyperref)                not defined in PD1 encoding,
(hyperref)                removing `\textdotbelow' on input line 352.


Package hyperref Warning: Glyph not defined in PD1 encoding,
(hyperref)                removing `\ohorn' on input line 352.


Package hyperref Warning: Composite letter `\texttilde+\acircumflex'
(hyperref)                not defined in PD1 encoding,
(hyperref)                removing `\texttilde' on input line 352.


Package hyperref Warning: Glyph not defined in PD1 encoding,
(hyperref)                removing `\acircumflex' on input line 352.


Overfull \hbox (25.73512pt too wide) in paragraph at lines 354--393
\T5/cmr/m/n/10 7,Bi tp ha ^^_i cng,Nguyn ^^^c Chung,2017-06-03,Sch tha
m kho,"30,000",150,Sch mi,^^^HQG-
 []


Overfull \hbox (3.22673pt too wide) in paragraph at lines 354--393
\T5/cmr/m/n/10 11,Marketing ^^_ng ^^_i,"Ng Bnh, Nguyn Khnh Trung ",2017-
06-23,Sch chuyn kho ,"90,000
 []


Underfull \hbox (badness 10000) in paragraph at lines 354--393

 []

File: hcmut.png Graphic file (type png)
<use hcmut.png>
Package pdftex.def Info: hcmut.png used on input line 393.
(pdftex.def)             Requested size: 22.76204pt x 22.75928pt.
 [16]
File: hcmut.png Graphic file (type png)
 <use hcmut.png>
Package pdftex.def Info: hcmut.png used on input line 393.
(pdftex.def)             Requested size: 22.76204pt x 22.75928pt.
 [17]
File: hcmut.png Graphic file (type png)
 <use hcmut.png>
Package pdftex.def Info: hcmut.png used on input line 393.
(pdftex.def)             Requested size: 22.76204pt x 22.75928pt.
 [18]
File: hcmut.png Graphic file (type png)
 <use hcmut.png>
Package pdftex.def Info: hcmut.png used on input line 393.
(pdftex.def)             Requested size: 22.76204pt x 22.75928pt.

[19]
File: hcmut.png Graphic file (type png)
 <use hcmut.png>
Package pdftex.def Info: hcmut.png used on input line 393.
(pdftex.def)             Requested size: 22.76204pt x 22.75928pt.
 [20]

Package hyperref Warning: Composite letter `\texttilde+\acircumflex'
(hyperref)                not defined in PD1 encoding,
(hyperref)                removing `\texttilde' on input line 393.


Package hyperref Warning: Glyph not defined in PD1 encoding,
(hyperref)                removing `\acircumflex' on input line 393.


Package hyperref Warning: Composite letter `\texttilde+\acircumflex'
(hyperref)                not defined in PD1 encoding,
(hyperref)                removing `\texttilde' on input line 393.


Package hyperref Warning: Glyph not defined in PD1 encoding,
(hyperref)                removing `\acircumflex' on input line 393.


Package hyperref Warning: Composite letter `\textasciigrave+\acircumflex'
(hyperref)                not defined in PD1 encoding,
(hyperref)                removing `\textasciigrave' on input line 393.


Package hyperref Warning: Glyph not defined in PD1 encoding,
(hyperref)                removing `\acircumflex' on input line 393.


Package hyperref Warning: Glyph not defined in PD1 encoding,
(hyperref)                removing `\h' on input line 393.


Package hyperref Warning: Glyph not defined in PD1 encoding,
(hyperref)                removing `\uhorn' on input line 393.


Package hyperref Warning: Glyph not defined in PD1 encoding,
(hyperref)                removing `\h' on input line 393.


Package hyperref Warning: Glyph not defined in PD1 encoding,
(hyperref)                removing `\uhorn' on input line 393.


Package hyperref Warning: Glyph not defined in PD1 encoding,
(hyperref)                removing `\h' on input line 393.


Package hyperref Warning: Glyph not defined in PD1 encoding,
(hyperref)                removing `\ocircumflex' on input line 393.

LaTeX Font Info:    Font shape `OMS/cmr/m/n' in size <8> not available
(Font)              Font shape `OMS/cmsy/m/n' tried instead on input line 413.

Overfull \hbox (25.34198pt too wide) in paragraph at lines 450--451
[][][][][][][][][][][][][][][][][][][][] 
 []


Overfull \hbox (4.94678pt too wide) in paragraph at lines 451--452
[][][][][][][][][][][][][][][][][][][][] 
 []

File: hcmut.png Graphic file (type png)
<use hcmut.png>
Package pdftex.def Info: hcmut.png used on input line 454.
(pdftex.def)             Requested size: 22.76204pt x 22.75928pt.
 [21]
Overfull \hbox (142.6144pt too wide) in paragraph at lines 471--472
[][][][][][][][][][][][][][][][][][][][] 
 []

File: hcmut.png Graphic file (type png)
<use hcmut.png>
Package pdftex.def Info: hcmut.png used on input line 516.
(pdftex.def)             Requested size: 22.76204pt x 22.75928pt.
 [22]
File: hcmut.png Graphic file (type png)
 <use hcmut.png>
Package pdftex.def Info: hcmut.png used on input line 578.
(pdftex.def)             Requested size: 22.76204pt x 22.75928pt.
 [23]
Overfull \hbox (4.94678pt too wide) in paragraph at lines 606--607
[][][][][][][][][][][][][][][][][][][][][][][][][][][][][][] 
 []


Overfull \hbox (15.14438pt too wide) in paragraph at lines 611--612
[][][][][][][][][][][][][][][][][][] 
 []


AED: lastpage setting LastPage
File: hcmut.png Graphic file (type png)
<use hcmut.png>
Package pdftex.def Info: hcmut.png used on input line 634.
(pdftex.def)             Requested size: 22.76204pt x 22.75928pt.
 [24]
Package atveryend Info: Empty hook `BeforeClearDocument' on input line 634.
Package atveryend Info: Empty hook `AfterLastShipout' on input line 634.
 (./BC.aux)
Package atveryend Info: Executing hook `AtVeryEndDocument' on input line 634.
Package atveryend Info: Executing hook `AtEndAfterFileList' on input line 634.
Package rerunfilecheck Info: File `BC.out' has not changed.
(rerunfilecheck)             Checksum: 396A91B58C2D16AEACAF811EEAD249FD;1487.
Package atveryend Info: Empty hook `AtVeryVeryEnd' on input line 634.
 ) 
Here is how much of TeX's memory you used:
 23776 strings out of 493029
 432063 string characters out of 6136234
 518980 words of memory out of 5000000
 26538 multiletter control sequences out of 15000+600000
 21157 words of font info for 53 fonts, out of 8000000 for 9000
 1141 hyphenation exceptions out of 8191
 55i,23n,76p,1725b,1992s stack positions out of 5000i,500n,10000p,200000b,80000s
</usr/share/texlive/texmf-dist/fonts/type1/public/amsfonts/cm/cmsy10.pfb></us
r/share/texlive/texmf-dist/fonts/type1/public/amsfonts/cm/cmsy8.pfb></usr/share
/texlive/texmf-dist/fonts/type1/vntex/vnr/vnbx10.pfb></usr/share/texlive/texmf-
dist/fonts/type1/vntex/vnr/vnbx12.pfb></usr/share/texlive/texmf-dist/fonts/type
1/vntex/vnr/vnbx8.pfb></usr/share/texlive/texmf-dist/fonts/type1/vntex/vnr/vnr1
0.pfb></usr/share/texlive/texmf-dist/fonts/type1/vntex/vnr/vnr8.pfb></usr/share
/texlive/texmf-dist/fonts/type1/vntex/vnr/vnti8.pfb></usr/share/texlive/texmf-d
ist/fonts/type1/vntex/vnr/vntt10.pfb></usr/share/texlive/texmf-dist/fonts/type1
/vntex/vnr/vntt8.pfb>
Output written on BC.pdf (25 pages, 529909 bytes).
PDF statistics:
 628 PDF objects out of 1000 (max. 8388607)
 569 compressed objects within 6 object streams
 296 named destinations out of 1000 (max. 500000)
 213 words of extra memory for PDF output out of 10000 (max. 10000000)

